#
# There is insufficient memory for the Java Runtime Environment to continue.
# Native memory allocation (malloc) failed to allocate 379056 bytes for Chunk::new
# Possible reasons:
#   The system is out of physical RAM or swap space
#   The process is running with CompressedOops enabled, and the Java Heap may be blocking the growth of the native heap
# Possible solutions:
#   Reduce memory load on the system
#   Increase physical memory or swap space
#   Check if swap backing store is full
#   Decrease Java heap size (-Xmx/-Xms)
#   Decrease number of Java threads
#   Decrease Java thread stack sizes (-Xss)
#   Set larger code cache with -XX:ReservedCodeCacheSize=
#   JVM is running with Unscaled Compressed Oops mode in which the Java heap is
#     placed in the first 4GB address space. The Java Heap base address is the
#     maximum limit for the native heap growth. Please use -XX:HeapBaseMinAddress
#     to set the Java Heap base and to place the Java Heap above 4GB virtual address.
# This output file may be truncated or incomplete.
#
#  Out of Memory Error (allocation.cpp:389), pid=14952, tid=0x0000000000006884
#
# JRE version: OpenJDK Runtime Environment (8.0_242-b01) (build 1.8.0_242-release-1644-b01)
# Java VM: OpenJDK 64-Bit Server VM (25.242-b01 mixed mode windows-amd64 compressed oops)
# Failed to write core dump. Minidumps are not enabled by default on client versions of Windows
#

---------------  T H R E A D  ---------------

Current thread (0x0000000016f64000):  JavaThread "C2 CompilerThread2" daemon [_thread_in_native, id=26756, stack(0x0000000018660000,0x0000000018760000)]

Stack: [0x0000000018660000,0x0000000018760000]
[error occurred during error reporting (printing stack bounds), id 0xc0000005]

Native frames: (J=compiled Java code, j=interpreted, Vv=VM code, C=native code)


Current CompileTask:
C2:   3248 2419       4       com.android.dx.rop.cst.CstBaseMethodRef::getPrototype (41 bytes)


---------------  P R O C E S S  ---------------

Java Threads: ( => current thread )
  0x0000000016fb8000 JavaThread "Service Thread" daemon [_thread_blocked, id=18840, stack(0x0000000018860000,0x0000000018960000)]
  0x0000000016f69000 JavaThread "C1 CompilerThread3" daemon [_thread_blocked, id=17668, stack(0x0000000018760000,0x0000000018860000)]
=>0x0000000016f64000 JavaThread "C2 CompilerThread2" daemon [_thread_in_native, id=26756, stack(0x0000000018660000,0x0000000018760000)]
  0x0000000016f61800 JavaThread "C2 CompilerThread1" daemon [_thread_in_native, id=26560, stack(0x0000000018560000,0x0000000018660000)]
  0x0000000016f13800 JavaThread "C2 CompilerThread0" daemon [_thread_blocked, id=6812, stack(0x0000000018460000,0x0000000018560000)]
  0x0000000016f12000 JavaThread "Attach Listener" daemon [_thread_blocked, id=25496, stack(0x0000000018360000,0x0000000018460000)]
  0x0000000016ebe000 JavaThread "Signal Dispatcher" daemon [_thread_blocked, id=15320, stack(0x0000000018260000,0x0000000018360000)]
  0x00000000157dc800 JavaThread "Finalizer" daemon [_thread_blocked, id=26860, stack(0x0000000018100000,0x0000000018200000)]
  0x0000000016ea3000 JavaThread "Reference Handler" daemon [_thread_blocked, id=3704, stack(0x0000000018000000,0x0000000018100000)]
  0x00000000029c2800 JavaThread "main" [_thread_in_Java, id=7464, stack(0x00000000028c0000,0x00000000029c0000)]

Other Threads:
  0x0000000016e82800 VMThread [stack: 0x0000000017f00000,0x0000000018000000] [id=4464]
  0x0000000016fba800 WatcherThread [stack: 0x0000000018960000,0x0000000018a60000] [id=25784]

VM state:not at safepoint (normal execution)

VM Mutex/Monitor currently owned by a thread: None

heap address: 0x00000000c0000000, size: 1024 MB, Compressed Oops mode: 32-bit
Narrow klass base: 0x0000000000000000, Narrow klass shift: 3
Compressed class space size: 1073741824 Address: 0x0000000100000000

Heap:
 PSYoungGen      total 136192K, used 45787K [0x00000000eab00000, 0x00000000f3500000, 0x0000000100000000)
  eden space 131072K, 31% used [0x00000000eab00000,0x00000000ed2be360,0x00000000f2b00000)
  from space 5120K, 99% used [0x00000000f3000000,0x00000000f34f8c30,0x00000000f3500000)
  to   space 5120K, 0% used [0x00000000f2b00000,0x00000000f2b00000,0x00000000f3000000)
 ParOldGen       total 86016K, used 27069K [0x00000000c0000000, 0x00000000c5400000, 0x00000000eab00000)
  object space 86016K, 31% used [0x00000000c0000000,0x00000000c1a6f4e0,0x00000000c5400000)
 Metaspace       used 6960K, capacity 7576K, committed 7936K, reserved 1056768K
  class space    used 625K, capacity 656K, committed 768K, reserved 1048576K

Card table byte_map: [0x0000000011e80000,0x0000000012090000] byte_map_base: 0x0000000011880000

Marking Bits: (ParMarkBitMap*) 0x000000005b8bf030
 Begin Bits: [0x0000000012bf0000, 0x0000000013bf0000)
 End Bits:   [0x0000000013bf0000, 0x0000000014bf0000)

Polling page: 0x0000000000810000

CodeCache: size=245760Kb used=8907Kb max_used=8919Kb free=236852Kb
 bounds [0x0000000002ac0000, 0x0000000003380000, 0x0000000011ac0000]
 total_blobs=2673 nmethods=2394 adapters=192
 compilation: enabled

Compilation events (10 events):
Event: 3.238 Thread 0x0000000016f13800 nmethod 2440 0x0000000003341f90 code [0x00000000033420c0, 0x0000000003342158]
Event: 3.239 Thread 0x0000000016f13800 2441   !   4       com.android.dx.dex.code.DalvInsnList::writeTo (254 bytes)
Event: 3.239 Thread 0x0000000016f69000 nmethod 2439 0x0000000003378cd0 code [0x0000000003378f20, 0x0000000003379eb8]
Event: 3.239 Thread 0x0000000016f69000 2438       1       com.android.dx.dex.code.CatchTable$Entry::getEnd (5 bytes)
Event: 3.239 Thread 0x0000000016f69000 nmethod 2438 0x0000000003375ed0 code [0x0000000003376020, 0x0000000003376130]
Event: 3.239 Thread 0x0000000016f69000 2442       3       com.android.dx.dex.code.form.Form22x::writeTo (31 bytes)
Event: 3.239 Thread 0x0000000016f69000 nmethod 2442 0x0000000003374f50 code [0x0000000003375140, 0x0000000003375ae8]
Event: 3.240 Thread 0x0000000016f69000 2443       3       com.android.dx.dex.code.form.Form10x::writeTo (10 bytes)
Event: 3.240 Thread 0x0000000016f69000 nmethod 2443 0x0000000003374a10 code [0x0000000003374ba0, 0x0000000003374df8]
Event: 3.245 Thread 0x0000000016f13800 nmethod 2441 0x000000000337e0d0 code [0x000000000337e240, 0x000000000337e5d8]

GC Heap History (8 events):
Event: 1.171 GC heap before
{Heap before GC invocations=1 (full 0):
 PSYoungGen      total 37888K, used 32768K [0x00000000eab00000, 0x00000000ed500000, 0x0000000100000000)
  eden space 32768K, 100% used [0x00000000eab00000,0x00000000ecb00000,0x00000000ecb00000)
  from space 5120K, 0% used [0x00000000ed000000,0x00000000ed000000,0x00000000ed500000)
  to   space 5120K, 0% used [0x00000000ecb00000,0x00000000ecb00000,0x00000000ed000000)
 ParOldGen       total 86016K, used 0K [0x00000000c0000000, 0x00000000c5400000, 0x00000000eab00000)
  object space 86016K, 0% used [0x00000000c0000000,0x00000000c0000000,0x00000000c5400000)
 Metaspace       used 5989K, capacity 6768K, committed 7040K, reserved 1056768K
  class space    used 583K, capacity 616K, committed 640K, reserved 1048576K
Event: 1.201 GC heap after
Heap after GC invocations=1 (full 0):
 PSYoungGen      total 37888K, used 5119K [0x00000000eab00000, 0x00000000ef500000, 0x0000000100000000)
  eden space 32768K, 0% used [0x00000000eab00000,0x00000000eab00000,0x00000000ecb00000)
  from space 5120K, 99% used [0x00000000ecb00000,0x00000000ecfffca8,0x00000000ed000000)
  to   space 5120K, 0% used [0x00000000ef000000,0x00000000ef000000,0x00000000ef500000)
 ParOldGen       total 86016K, used 1640K [0x00000000c0000000, 0x00000000c5400000, 0x00000000eab00000)
  object space 86016K, 1% used [0x00000000c0000000,0x00000000c019a010,0x00000000c5400000)
 Metaspace       used 5989K, capacity 6768K, committed 7040K, reserved 1056768K
  class space    used 583K, capacity 616K, committed 640K, reserved 1048576K
}
Event: 1.549 GC heap before
{Heap before GC invocations=2 (full 0):
 PSYoungGen      total 37888K, used 37887K [0x00000000eab00000, 0x00000000ef500000, 0x0000000100000000)
  eden space 32768K, 100% used [0x00000000eab00000,0x00000000ecb00000,0x00000000ecb00000)
  from space 5120K, 99% used [0x00000000ecb00000,0x00000000ecfffca8,0x00000000ed000000)
  to   space 5120K, 0% used [0x00000000ef000000,0x00000000ef000000,0x00000000ef500000)
 ParOldGen       total 86016K, used 1640K [0x00000000c0000000, 0x00000000c5400000, 0x00000000eab00000)
  object space 86016K, 1% used [0x00000000c0000000,0x00000000c019a010,0x00000000c5400000)
 Metaspace       used 6257K, capacity 7000K, committed 7168K, reserved 1056768K
  class space    used 603K, capacity 656K, committed 768K, reserved 1048576K
Event: 1.566 GC heap after
Heap after GC invocations=2 (full 0):
 PSYoungGen      total 70656K, used 5119K [0x00000000eab00000, 0x00000000ef500000, 0x0000000100000000)
  eden space 65536K, 0% used [0x00000000eab00000,0x00000000eab00000,0x00000000eeb00000)
  from space 5120K, 99% used [0x00000000ef000000,0x00000000ef4ffea8,0x00000000ef500000)
  to   space 5120K, 0% used [0x00000000eeb00000,0x00000000eeb00000,0x00000000ef000000)
 ParOldGen       total 86016K, used 7946K [0x00000000c0000000, 0x00000000c5400000, 0x00000000eab00000)
  object space 86016K, 9% used [0x00000000c0000000,0x00000000c07c2830,0x00000000c5400000)
 Metaspace       used 6257K, capacity 7000K, committed 7168K, reserved 1056768K
  class space    used 603K, capacity 656K, committed 768K, reserved 1048576K
}
Event: 1.836 GC heap before
{Heap before GC invocations=3 (full 0):
 PSYoungGen      total 70656K, used 70655K [0x00000000eab00000, 0x00000000ef500000, 0x0000000100000000)
  eden space 65536K, 100% used [0x00000000eab00000,0x00000000eeb00000,0x00000000eeb00000)
  from space 5120K, 99% used [0x00000000ef000000,0x00000000ef4ffea8,0x00000000ef500000)
  to   space 5120K, 0% used [0x00000000eeb00000,0x00000000eeb00000,0x00000000ef000000)
 ParOldGen       total 86016K, used 7946K [0x00000000c0000000, 0x00000000c5400000, 0x00000000eab00000)
  object space 86016K, 9% used [0x00000000c0000000,0x00000000c07c2830,0x00000000c5400000)
 Metaspace       used 6415K, capacity 7128K, committed 7424K, reserved 1056768K
  class space    used 604K, capacity 656K, committed 768K, reserved 1048576K
Event: 1.853 GC heap after
Heap after GC invocations=3 (full 0):
 PSYoungGen      total 70656K, used 5109K [0x00000000eab00000, 0x00000000f3500000, 0x0000000100000000)
  eden space 65536K, 0% used [0x00000000eab00000,0x00000000eab00000,0x00000000eeb00000)
  from space 5120K, 99% used [0x00000000eeb00000,0x00000000eeffd738,0x00000000ef000000)
  to   space 5120K, 0% used [0x00000000f3000000,0x00000000f3000000,0x00000000f3500000)
 ParOldGen       total 86016K, used 17142K [0x00000000c0000000, 0x00000000c5400000, 0x00000000eab00000)
  object space 86016K, 19% used [0x00000000c0000000,0x00000000c10bdab0,0x00000000c5400000)
 Metaspace       used 6415K, capacity 7128K, committed 7424K, reserved 1056768K
  class space    used 604K, capacity 656K, committed 768K, reserved 1048576K
}
Event: 2.039 GC heap before
{Heap before GC invocations=4 (full 0):
 PSYoungGen      total 70656K, used 70645K [0x00000000eab00000, 0x00000000f3500000, 0x0000000100000000)
  eden space 65536K, 100% used [0x00000000eab00000,0x00000000eeb00000,0x00000000eeb00000)
  from space 5120K, 99% used [0x00000000eeb00000,0x00000000eeffd738,0x00000000ef000000)
  to   space 5120K, 0% used [0x00000000f3000000,0x00000000f3000000,0x00000000f3500000)
 ParOldGen       total 86016K, used 17142K [0x00000000c0000000, 0x00000000c5400000, 0x00000000eab00000)
  object space 86016K, 19% used [0x00000000c0000000,0x00000000c10bdab0,0x00000000c5400000)
 Metaspace       used 6480K, capacity 7128K, committed 7424K, reserved 1056768K
  class space    used 604K, capacity 656K, committed 768K, reserved 1048576K
Event: 2.056 GC heap after
Heap after GC invocations=4 (full 0):
 PSYoungGen      total 136192K, used 5091K [0x00000000eab00000, 0x00000000f3500000, 0x0000000100000000)
  eden space 131072K, 0% used [0x00000000eab00000,0x00000000eab00000,0x00000000f2b00000)
  from space 5120K, 99% used [0x00000000f3000000,0x00000000f34f8c30,0x00000000f3500000)
  to   space 5120K, 0% used [0x00000000f2b00000,0x00000000f2b00000,0x00000000f3000000)
 ParOldGen       total 86016K, used 27069K [0x00000000c0000000, 0x00000000c5400000, 0x00000000eab00000)
  object space 86016K, 31% used [0x00000000c0000000,0x00000000c1a6f4e0,0x00000000c5400000)
 Metaspace       used 6480K, capacity 7128K, committed 7424K, reserved 1056768K
  class space    used 604K, capacity 656K, committed 768K, reserved 1048576K
}

Deoptimization events (10 events):
Event: 2.532 Thread 0x00000000029c2800 Uncommon trap: reason=class_check action=maybe_recompile pc=0x0000000002e03f3c method=java.util.Arrays.equals([Ljava/lang/Object;[Ljava/lang/Object;)Z @ 62
Event: 2.532 Thread 0x00000000029c2800 Uncommon trap: reason=speculate_class_check action=maybe_recompile pc=0x0000000002e0b8e8 method=com.android.dx.util.FixedSizeList.equals(Ljava/lang/Object;)Z @ 25
Event: 2.532 Thread 0x00000000029c2800 Uncommon trap: reason=class_check action=maybe_recompile pc=0x0000000002e03f3c method=java.util.Arrays.equals([Ljava/lang/Object;[Ljava/lang/Object;)Z @ 62
Event: 2.532 Thread 0x00000000029c2800 Uncommon trap: reason=speculate_class_check action=maybe_recompile pc=0x0000000002e0b8e8 method=com.android.dx.util.FixedSizeList.equals(Ljava/lang/Object;)Z @ 25
Event: 2.532 Thread 0x00000000029c2800 Uncommon trap: reason=class_check action=maybe_recompile pc=0x0000000002e03f3c method=java.util.Arrays.equals([Ljava/lang/Object;[Ljava/lang/Object;)Z @ 62
Event: 2.532 Thread 0x00000000029c2800 Uncommon trap: reason=speculate_class_check action=maybe_recompile pc=0x0000000002e0b8e8 method=com.android.dx.util.FixedSizeList.equals(Ljava/lang/Object;)Z @ 25
Event: 2.532 Thread 0x00000000029c2800 Uncommon trap: reason=unstable_if action=reinterpret pc=0x0000000002e03f74 method=java.util.Arrays.equals([Ljava/lang/Object;[Ljava/lang/Object;)Z @ 23
Event: 2.541 Thread 0x00000000029c2800 Uncommon trap: reason=unstable_if action=reinterpret pc=0x00000000031b5614 method=java.util.TreeMap.put(Ljava/lang/Object;Ljava/lang/Object;)Ljava/lang/Object; @ 163
Event: 2.959 Thread 0x00000000029c2800 Uncommon trap: reason=unstable_if action=reinterpret pc=0x0000000003283578 method=java.util.ArrayList.<init>(I)V @ 5
Event: 3.095 Thread 0x00000000029c2800 Uncommon trap: reason=unstable_if action=reinterpret pc=0x00000000032e1344 method=com.android.dx.util.ByteArrayAnnotatedOutput.writeByte(I)V @ 13

Classes redefined (0 events):
No events

Internal exceptions (6 events):
Event: 0.060 Thread 0x00000000029c2800 Exception <a 'java/lang/NoSuchMethodError': Method sun.misc.Unsafe.defineClass(Ljava/lang/String;[BII)Ljava/lang/Class; name or signature does not match> (0x00000000eab07cc8) thrown at [C:\src\AOSP-openjdk-git\hotspot\src\share\vm\prims\jni.cpp, line 4013
Event: 0.060 Thread 0x00000000029c2800 Exception <a 'java/lang/NoSuchMethodError': Method sun.misc.Unsafe.prefetchRead(Ljava/lang/Object;J)V name or signature does not match> (0x00000000eab07fb0) thrown at [C:\src\AOSP-openjdk-git\hotspot\src\share\vm\prims\jni.cpp, line 4013]
Event: 1.115 Thread 0x00000000171e5000 Implicit null exception at 0x0000000002dfb715 to 0x0000000002dfddb1
Event: 1.440 Thread 0x0000000018a68000 Exception <a 'java/lang/ArrayIndexOutOfBoundsException': 18> (0x00000000ebd04620) thrown at [C:\src\AOSP-openjdk-git\hotspot\src\share\vm\interpreter\interpreterRuntime.cpp, line 368]
Event: 1.441 Thread 0x0000000018a68000 Exception <a 'java/lang/ArrayIndexOutOfBoundsException': 145> (0x00000000ebd061a0) thrown at [C:\src\AOSP-openjdk-git\hotspot\src\share\vm\interpreter\interpreterRuntime.cpp, line 368]
Event: 1.442 Thread 0x0000000018a68000 Exception <a 'java/lang/ArrayIndexOutOfBoundsException': 40> (0x00000000ebd07488) thrown at [C:\src\AOSP-openjdk-git\hotspot\src\share\vm\interpreter\interpreterRuntime.cpp, line 368]

Events (10 events):
Event: 3.062 loading class com/android/dx/dex/file/UniformListItem done
Event: 3.082 loading class com/android/dex/DexFormat
Event: 3.082 loading class com/android/dex/DexFormat done
Event: 3.095 Thread 0x00000000029c2800 Uncommon trap: trap_request=0xffffff65 fr.pc=0x00000000032e1344
Event: 3.095 Thread 0x00000000029c2800 DEOPT PACKING pc=0x00000000032e1344 sp=0x00000000029bef70
Event: 3.096 Thread 0x00000000029c2800 DEOPT UNPACKING pc=0x0000000002b0557b sp=0x00000000029bef28 mode 2
Event: 3.239 Thread 0x00000000029c2800 DEOPT PACKING pc=0x0000000003357cff sp=0x00000000029beb80
Event: 3.239 Thread 0x00000000029c2800 DEOPT UNPACKING pc=0x0000000002b075d0 sp=0x00000000029be958 mode 0
Event: 3.240 Thread 0x00000000029c2800 DEOPT PACKING pc=0x0000000003357cff sp=0x00000000029beb80
Event: 3.241 Thread 0x00000000029c2800 DEOPT UNPACKING pc=0x0000000002b075d0 sp=0x00000000029be958 mode 0


Dynamic libraries:
0x00007ff7c7b00000 - 0x00007ff7c7b31000 	E:\androidStudio\jre\bin\java.exe
0x00007ffd0bd40000 - 0x00007ffd0bf30000 	C:\WINDOWS\SYSTEM32\ntdll.dll
0x00007ffd0b560000 - 0x00007ffd0b612000 	C:\WINDOWS\System32\KERNEL32.DLL
0x00007ffd09620000 - 0x00007ffd098c4000 	C:\WINDOWS\System32\KERNELBASE.dll
0x00007ffd09df0000 - 0x00007ffd09e93000 	C:\WINDOWS\System32\ADVAPI32.dll
0x00007ffd0ad60000 - 0x00007ffd0adfe000 	C:\WINDOWS\System32\msvcrt.dll
0x00007ffd0b6a0000 - 0x00007ffd0b737000 	C:\WINDOWS\System32\sechost.dll
0x00007ffd0b740000 - 0x00007ffd0b860000 	C:\WINDOWS\System32\RPCRT4.dll
0x00007ffd0a6f0000 - 0x00007ffd0a884000 	C:\WINDOWS\System32\USER32.dll
0x00007ffd09c20000 - 0x00007ffd09c41000 	C:\WINDOWS\System32\win32u.dll
0x00007ffd0a6c0000 - 0x00007ffd0a6e6000 	C:\WINDOWS\System32\GDI32.dll
0x00007ffd09c50000 - 0x00007ffd09de6000 	C:\WINDOWS\System32\gdi32full.dll
0x00007ffd08cc0000 - 0x00007ffd08d5e000 	C:\WINDOWS\System32\msvcp_win.dll
0x00007ffd08d60000 - 0x00007ffd08e5a000 	C:\WINDOWS\System32\ucrtbase.dll
0x00007ffcf6500000 - 0x00007ffcf6784000 	C:\WINDOWS\WinSxS\amd64_microsoft.windows.common-controls_6595b64144ccf1df_6.0.18362.959_none_e6c7bbbf130c62bb\COMCTL32.dll
0x00007ffd0b110000 - 0x00007ffd0b445000 	C:\WINDOWS\System32\combase.dll
0x00007ffd09aa0000 - 0x00007ffd09b20000 	C:\WINDOWS\System32\bcryptPrimitives.dll
0x00007ffd0b930000 - 0x00007ffd0b95e000 	C:\WINDOWS\System32\IMM32.DLL
0x000000005afd0000 - 0x000000005b0a2000 	E:\androidStudio\jre\jre\bin\msvcr100.dll
0x000000005b0f0000 - 0x000000005b93b000 	E:\androidStudio\jre\jre\bin\server\jvm.dll
0x00007ffd0b080000 - 0x00007ffd0b088000 	C:\WINDOWS\System32\PSAPI.DLL
0x00007ffcf0d10000 - 0x00007ffcf0d19000 	C:\WINDOWS\SYSTEM32\WSOCK32.dll
0x00007ffd0b960000 - 0x00007ffd0b9cf000 	C:\WINDOWS\System32\WS2_32.dll
0x00007ffd04a40000 - 0x00007ffd04a64000 	C:\WINDOWS\SYSTEM32\WINMM.dll
0x00007ffd01150000 - 0x00007ffd0115a000 	C:\WINDOWS\SYSTEM32\VERSION.dll
0x00007ffd049d0000 - 0x00007ffd049fd000 	C:\WINDOWS\SYSTEM32\WINMMBASE.dll
0x00007ffd09b20000 - 0x00007ffd09b6a000 	C:\WINDOWS\System32\cfgmgr32.dll
0x00007ffd04df0000 - 0x00007ffd04dff000 	E:\androidStudio\jre\jre\bin\verify.dll
0x00007ffd01220000 - 0x00007ffd01249000 	E:\androidStudio\jre\jre\bin\java.dll
0x00007ffd03770000 - 0x00007ffd03786000 	E:\androidStudio\jre\jre\bin\zip.dll
0x00007ffd09fd0000 - 0x00007ffd0a6b6000 	C:\WINDOWS\System32\SHELL32.dll
0x00007ffd0af50000 - 0x00007ffd0aff9000 	C:\WINDOWS\System32\shcore.dll
0x00007ffd08e60000 - 0x00007ffd095e2000 	C:\WINDOWS\System32\windows.storage.dll
0x00007ffd08c90000 - 0x00007ffd08cb3000 	C:\WINDOWS\System32\profapi.dll
0x00007ffd08c40000 - 0x00007ffd08c8a000 	C:\WINDOWS\System32\powrprof.dll
0x00007ffd08bf0000 - 0x00007ffd08c00000 	C:\WINDOWS\System32\UMPDC.dll
0x00007ffd0b450000 - 0x00007ffd0b4a2000 	C:\WINDOWS\System32\shlwapi.dll
0x00007ffd08c00000 - 0x00007ffd08c11000 	C:\WINDOWS\System32\kernel.appcore.dll
0x00007ffd09930000 - 0x00007ffd09947000 	C:\WINDOWS\System32\cryptsp.dll

VM Arguments:
jvm_args: -Djava.awt.headless=true -Xmx1024M -Dfile.encoding=GBK -Duser.country=CN -Duser.language=zh -Duser.variant 
java_command: com.android.dx.command.Main --dex --num-threads=4 --output C:\Users\DELL\Downloads\ImageUpload-master\ImageUploadClient\app\build\intermediates\pre-dexed\debug\okhttp-3.2.0_5c7b45bf23d6d2fc0af53c7a20157507c7c55908.jar C:\Users\DELL\.gradle\caches\modules-2\files-2.1\com.squareup.okhttp3\okhttp\3.2.0\f7873a2ebde246a45c2a8d6f3247108b4c88a879\okhttp-3.2.0.jar
java_class_path (initial): C:\Users\DELL\AppData\Local\Android\Sdk\build-tools\23.0.2\lib\dx.jar
Launcher Type: SUN_STANDARD

Environment Variables:
CLASSPATH=D:\LINGO12\Lingo12.jar
PATH=C:\Program Files (x86)\Common Files\Oracle\Java\javapath;C:\Program Files\NVIDIA GPU Computing Toolkit\CUDA\v10.2\bin;C:\Program Files\NVIDIA GPU Computing Toolkit\CUDA\v10.2\libnvvp;C:\Program Files\Microsoft MPI\Bin\;C:\Program Files (x86)\Razer Chroma SDK\bin;C:\Program Files\Razer Chroma SDK\bin;C:\Windows\system32;C:\Windows;C:\Windows\System32\Wbem;C:\Windows\System32\WindowsPowerShell\v1.0\;C:\Program Files (x86)\NVIDIA Corporation\PhysX\Common;C:\WINDOWS\system32;C:\WINDOWS;C:\WINDOWS\System32\Wbem;C:\WINDOWS\System32\WindowsPowerShell\v1.0\;C:\WINDOWS\System32\OpenSSH\;E:\matlab\bin;C:\WINDOWS\system32\config\systemprofile\AppData\Local\Microsoft\WindowsApps;C:\Program Files\NVIDIA Corporation\NVIDIA NvDLISR;C:\ProgramData\chocolatey\bin;C:\Program Files\Intel\WiFi\bin\;C:\Program Files\Common Files\Intel\WirelessCommon\;C:\Program Files (x86)\Intel\Intel(R) Management Engine Components\DAL;C:\Program Files\Intel\Intel(R) Management Engine Components\DAL;C:\Strawberry\c\bin;C:\Strawberry\perl\site\bin;C:\Strawberry\perl\bin;E:\SPSS\JRE\bin;D:\LINGO12\;C:\WINDOWS\system32;C:\WINDOWS;C:\WINDOWS\System32\Wbem;C:\WINDOWS\System32\WindowsPowerShell\v1.0\;C:\WINDOWS\System32\OpenSSH\;C:\Program Files\Microsoft SQL Server\Client SDK\ODBC\130\Tools\Binn\;C:\Program Files (x86)\Microsoft SQL Server\140\Tools\Binn\;C:\Program Files\Microsoft SQL Server\140\Tools\Binn\;C:\Program Files\Microsoft SQL Server\140\DTS\Binn\;C:\Program Files (x86)\Microsoft SQL Server\150\DTS\Binn\;E:\anaconda\Scripts;C:\Program Files\NVIDIA Corporation\Nsight Compute 2019.5.0\;E:\anaconda;E:\curl\curl-7.61.1-win64-mingw\bin;C:\Program Files\MySQL\MySQL Utilities 1.6\;C:\Users\DELL\AppData\Local\Microsoft\WindowsApps;E:\pycharm\PyCharm Community Edition 2019.3.2\bin;;C:\ProgramData\chocolatey\lib\mingw\tools\install\mingw64\bin;C:\Users\DELL\AppData\Local\Programs\Microsoft VS Code\bin;E:\LaTeX\texlive\2019\bin\win32;E:\java\IntelliJ IDEA 2018.3.5\bin;
USERNAME=DELL
OS=Windows_NT
PROCESSOR_IDENTIFIER=Intel64 Family 6 Model 158 Stepping 10, GenuineIntel



---------------  S Y S T E M  ---------------

OS: Windows 10.0 , 64 bit Build 18362 (10.0.18362.959)

CPU:total 12 (initial active 12) (6 cores per cpu, 2 threads per core) family 6 model 158 stepping 10, cmov, cx8, fxsr, mmx, sse, sse2, sse3, ssse3, sse4.1, sse4.2, popcnt, avx, avx2, aes, clmul, erms, 3dnowpref, lzcnt, ht, tsc, tscinvbit, bmi1, bmi2, adx

Memory: 4k page, physical 8177948k(260700k free), swap 21844248k(5132k free)

vm_info: OpenJDK 64-Bit Server VM (25.242-b01) for windows-amd64 JRE (1.8.0_242-release-1644-b01), built by "builder" with MS VC++ 10.0 (VS2010)

time: Tue Jul 28 16:31:52 2020
timezone: 中国标准时间
elapsed time: 3 seconds (0d 0h 0m 3s)

