#
# There is insufficient memory for the Java Runtime Environment to continue.
# Native memory allocation (malloc) failed to allocate 192336 bytes for Chunk::new
# Possible reasons:
#   The system is out of physical RAM or swap space
#   The process is running with CompressedOops enabled, and the Java Heap may be blocking the growth of the native heap
# Possible solutions:
#   Reduce memory load on the system
#   Increase physical memory or swap space
#   Check if swap backing store is full
#   Decrease Java heap size (-Xmx/-Xms)
#   Decrease number of Java threads
#   Decrease Java thread stack sizes (-Xss)
#   Set larger code cache with -XX:ReservedCodeCacheSize=
#   JVM is running with Unscaled Compressed Oops mode in which the Java heap is
#     placed in the first 4GB address space. The Java Heap base address is the
#     maximum limit for the native heap growth. Please use -XX:HeapBaseMinAddress
#     to set the Java Heap base and to place the Java Heap above 4GB virtual address.
# This output file may be truncated or incomplete.
#
#  Out of Memory Error (allocation.cpp:389), pid=15836, tid=0x0000000000002c5c
#
# JRE version: OpenJDK Runtime Environment (8.0_242-b01) (build 1.8.0_242-release-1644-b01)
# Java VM: OpenJDK 64-Bit Server VM (25.242-b01 mixed mode windows-amd64 compressed oops)
# Failed to write core dump. Minidumps are not enabled by default on client versions of Windows
#

---------------  T H R E A D  ---------------

Current thread (0x000000001711c000):  JavaThread "C2 CompilerThread1" daemon [_thread_in_native, id=11356, stack(0x0000000018700000,0x0000000018800000)]

Stack: [0x0000000018700000,0x0000000018800000]
[error occurred during error reporting (printing stack bounds), id 0xc0000005]

Native frames: (J=compiled Java code, j=interpreted, Vv=VM code, C=native code)


Current CompileTask:
C2:   1237 1254       4       com.android.dx.rop.code.RopMethod::labelToPredecessors (54 bytes)


---------------  P R O C E S S  ---------------

Java Threads: ( => current thread )
  0x00000000173cb000 JavaThread "pool-1-thread-4" [_thread_blocked, id=26668, stack(0x0000000019000000,0x0000000019100000)]
  0x00000000173ca800 JavaThread "pool-1-thread-3" [_thread_in_Java, id=22560, stack(0x0000000018f00000,0x0000000019000000)]
  0x00000000173c9800 JavaThread "pool-1-thread-2" [_thread_in_Java, id=25024, stack(0x0000000018e00000,0x0000000018f00000)]
  0x00000000173ba000 JavaThread "pool-2-thread-1" [_thread_blocked, id=27264, stack(0x0000000018d00000,0x0000000018e00000)]
  0x00000000173b5000 JavaThread "pool-1-thread-1" [_thread_in_Java, id=22856, stack(0x0000000018c00000,0x0000000018d00000)]
  0x00000000171b4800 JavaThread "Service Thread" daemon [_thread_blocked, id=27528, stack(0x0000000018a00000,0x0000000018b00000)]
  0x0000000017126000 JavaThread "C1 CompilerThread3" daemon [_thread_in_native, id=22068, stack(0x0000000018900000,0x0000000018a00000)]
  0x0000000017125000 JavaThread "C2 CompilerThread2" daemon [_thread_in_native, id=16124, stack(0x0000000018800000,0x0000000018900000)]
=>0x000000001711c000 JavaThread "C2 CompilerThread1" daemon [_thread_in_native, id=11356, stack(0x0000000018700000,0x0000000018800000)]
  0x00000000159b9000 JavaThread "C2 CompilerThread0" daemon [_thread_in_native, id=7832, stack(0x0000000018600000,0x0000000018700000)]
  0x00000000170c5000 JavaThread "Attach Listener" daemon [_thread_blocked, id=17228, stack(0x0000000018500000,0x0000000018600000)]
  0x000000001711a000 JavaThread "Signal Dispatcher" daemon [_thread_blocked, id=17484, stack(0x0000000018400000,0x0000000018500000)]
  0x0000000002c8b800 JavaThread "Finalizer" daemon [_thread_blocked, id=25856, stack(0x0000000018300000,0x0000000018400000)]
  0x00000000170a3000 JavaThread "Reference Handler" daemon [_thread_blocked, id=26080, stack(0x0000000018200000,0x0000000018300000)]
  0x0000000002b92800 JavaThread "main" [_thread_in_Java, id=23216, stack(0x0000000002a90000,0x0000000002b90000)]

Other Threads:
  0x0000000017082800 VMThread [stack: 0x0000000018100000,0x0000000018200000] [id=27124]
  0x00000000171b6800 WatcherThread [stack: 0x0000000018b00000,0x0000000018c00000] [id=23972]

VM state:not at safepoint (normal execution)

VM Mutex/Monitor currently owned by a thread: None

heap address: 0x00000000c0000000, size: 1024 MB, Compressed Oops mode: 32-bit
Narrow klass base: 0x0000000000000000, Narrow klass shift: 3
Compressed class space size: 1073741824 Address: 0x0000000100000000

Heap:
 PSYoungGen      total 37888K, used 15259K [0x00000000eab00000, 0x00000000ed500000, 0x0000000100000000)
  eden space 32768K, 31% used [0x00000000eab00000,0x00000000eb4ebda0,0x00000000ecb00000)
  from space 5120K, 99% used [0x00000000ecb00000,0x00000000ecffb1c0,0x00000000ed000000)
  to   space 5120K, 0% used [0x00000000ed000000,0x00000000ed000000,0x00000000ed500000)
 ParOldGen       total 86016K, used 1357K [0x00000000c0000000, 0x00000000c5400000, 0x00000000eab00000)
  object space 86016K, 1% used [0x00000000c0000000,0x00000000c01534a0,0x00000000c5400000)
 Metaspace       used 6175K, capacity 6960K, committed 7040K, reserved 1056768K
  class space    used 585K, capacity 616K, committed 640K, reserved 1048576K

Card table byte_map: [0x0000000012050000,0x0000000012260000] byte_map_base: 0x0000000011a50000

Marking Bits: (ParMarkBitMap*) 0x000000005b8bf030
 Begin Bits: [0x0000000012dc0000, 0x0000000013dc0000)
 End Bits:   [0x0000000013dc0000, 0x0000000014dc0000)

Polling page: 0x0000000002640000

CodeCache: size=245760Kb used=5422Kb max_used=5422Kb free=240337Kb
 bounds [0x0000000002c90000, 0x00000000031e0000, 0x0000000011c90000]
 total_blobs=1598 nmethods=1318 adapters=191
 compilation: enabled

Compilation events (10 events):
Event: 1.219 Thread 0x0000000017126000 1321  s    3       com.android.dx.dex.file.TypeIdsSection::intern (60 bytes)
Event: 1.220 Thread 0x0000000017126000 nmethod 1321 0x00000000031c82d0 code [0x00000000031c8500, 0x00000000031c91c8]
Event: 1.224 Thread 0x0000000017126000 1322       3       com.android.dx.cf.direct.DirectClassFile::getAttributes (9 bytes)
Event: 1.224 Thread 0x0000000017126000 nmethod 1322 0x00000000031d1d50 code [0x00000000031d1ec0, 0x00000000031d2108]
Event: 1.224 Thread 0x0000000017126000 1323       3       com.android.dx.cf.direct.DirectClassFile::getAccessFlags (9 bytes)
Event: 1.225 Thread 0x0000000017126000 nmethod 1323 0x00000000031d18d0 code [0x00000000031d1a40, 0x00000000031d1c88]
Event: 1.227 Thread 0x0000000017126000 1326       3       com.android.dx.cf.code.BasicBlocker::visitBranch (98 bytes)
Event: 1.228 Thread 0x0000000017126000 nmethod 1326 0x00000000031d3390 code [0x00000000031d3680, 0x00000000031d4c38]
Event: 1.229 Thread 0x0000000017126000 1327       3       com.android.dx.rop.cst.CstType::equals (29 bytes)
Event: 1.229 Thread 0x0000000017126000 nmethod 1327 0x00000000031d1290 code [0x00000000031d1400, 0x00000000031d17f0]

GC Heap History (2 events):
Event: 0.951 GC heap before
{Heap before GC invocations=1 (full 0):
 PSYoungGen      total 37888K, used 32768K [0x00000000eab00000, 0x00000000ed500000, 0x0000000100000000)
  eden space 32768K, 100% used [0x00000000eab00000,0x00000000ecb00000,0x00000000ecb00000)
  from space 5120K, 0% used [0x00000000ed000000,0x00000000ed000000,0x00000000ed500000)
  to   space 5120K, 0% used [0x00000000ecb00000,0x00000000ecb00000,0x00000000ed000000)
 ParOldGen       total 86016K, used 0K [0x00000000c0000000, 0x00000000c5400000, 0x00000000eab00000)
  object space 86016K, 0% used [0x00000000c0000000,0x00000000c0000000,0x00000000c5400000)
 Metaspace       used 6067K, capacity 6896K, committed 7040K, reserved 1056768K
  class space    used 585K, capacity 616K, committed 640K, reserved 1048576K
Event: 0.989 GC heap after
Heap after GC invocations=1 (full 0):
 PSYoungGen      total 37888K, used 5100K [0x00000000eab00000, 0x00000000ed500000, 0x0000000100000000)
  eden space 32768K, 0% used [0x00000000eab00000,0x00000000eab00000,0x00000000ecb00000)
  from space 5120K, 99% used [0x00000000ecb00000,0x00000000ecffb1c0,0x00000000ed000000)
  to   space 5120K, 0% used [0x00000000ed000000,0x00000000ed000000,0x00000000ed500000)
 ParOldGen       total 86016K, used 1357K [0x00000000c0000000, 0x00000000c5400000, 0x00000000eab00000)
  object space 86016K, 1% used [0x00000000c0000000,0x00000000c01534a0,0x00000000c5400000)
 Metaspace       used 6067K, capacity 6896K, committed 7040K, reserved 1056768K
  class space    used 585K, capacity 616K, committed 640K, reserved 1048576K
}

Deoptimization events (10 events):
Event: 0.698 Thread 0x00000000173b5000 Uncommon trap: reason=unstable_if action=reinterpret pc=0x0000000002edc7b4 method=java.util.BitSet.ensureCapacity(I)V @ 6
Event: 0.797 Thread 0x0000000002b92800 Uncommon trap: reason=bimorphic action=maybe_recompile pc=0x0000000002ee7b24 method=java.util.HashMap.getNode(ILjava/lang/Object;)Ljava/util/HashMap$Node; @ 126
Event: 0.798 Thread 0x0000000002b92800 Uncommon trap: reason=bimorphic action=maybe_recompile pc=0x0000000002ee7b24 method=java.util.HashMap.getNode(ILjava/lang/Object;)Ljava/util/HashMap$Node; @ 126
Event: 0.798 Thread 0x0000000002b92800 Uncommon trap: reason=bimorphic action=maybe_recompile pc=0x0000000002ee7b24 method=java.util.HashMap.getNode(ILjava/lang/Object;)Ljava/util/HashMap$Node; @ 126
Event: 0.798 Thread 0x0000000002b92800 Uncommon trap: reason=bimorphic action=maybe_recompile pc=0x0000000002ee7b24 method=java.util.HashMap.getNode(ILjava/lang/Object;)Ljava/util/HashMap$Node; @ 126
Event: 0.798 Thread 0x0000000002b92800 Uncommon trap: reason=bimorphic action=maybe_recompile pc=0x0000000002e99420 method=java.util.HashMap.getNode(ILjava/lang/Object;)Ljava/util/HashMap$Node; @ 126
Event: 0.803 Thread 0x00000000173cb000 Uncommon trap: reason=unstable_if action=reinterpret pc=0x0000000002f4023c method=com.android.dx.rop.code.RegisterSpec.equals(ILcom/android/dx/rop/type/TypeBearer;Lcom/android/dx/rop/code/LocalItem;)Z @ 42
Event: 1.087 Thread 0x00000000173c9800 Uncommon trap: reason=null_check action=make_not_entrant pc=0x00000000030485f4 method=com.android.dx.ssa.SsaRenamer.getLocalForNewReg(I)Lcom/android/dx/rop/code/LocalItem; @ 19
Event: 1.087 Thread 0x00000000173c9800 Uncommon trap: reason=null_check action=make_not_entrant pc=0x00000000030547a4 method=com.android.dx.ssa.SsaRenamer.getLocalForNewReg(I)Lcom/android/dx/rop/code/LocalItem; @ 19
Event: 1.143 Thread 0x00000000173b5000 Uncommon trap: reason=bimorphic action=maybe_recompile pc=0x00000000031310cc method=java.util.HashMap.putVal(ILjava/lang/Object;Ljava/lang/Object;ZZ)Ljava/lang/Object; @ 203

Classes redefined (0 events):
No events

Internal exceptions (4 events):
Event: 0.037 Thread 0x0000000002b92800 Exception <a 'java/lang/NoSuchMethodError': Method sun.misc.Unsafe.defineClass(Ljava/lang/String;[BII)Ljava/lang/Class; name or signature does not match> (0x00000000eab07cc8) thrown at [C:\src\AOSP-openjdk-git\hotspot\src\share\vm\prims\jni.cpp, line 4013
Event: 0.038 Thread 0x0000000002b92800 Exception <a 'java/lang/NoSuchMethodError': Method sun.misc.Unsafe.prefetchRead(Ljava/lang/Object;J)V name or signature does not match> (0x00000000eab07fb0) thrown at [C:\src\AOSP-openjdk-git\hotspot\src\share\vm\prims\jni.cpp, line 4013]
Event: 1.087 Thread 0x00000000173c9800 Implicit null exception at 0x000000000304716f to 0x00000000030485ad
Event: 1.087 Thread 0x00000000173c9800 Implicit null exception at 0x0000000003051ed8 to 0x0000000003054781

Events (10 events):
Event: 1.093 Thread 0x00000000173b5000 DEOPT UNPACKING pc=0x0000000002cd75d0 sp=0x0000000018cfe9c0 mode 0
Event: 1.134 Thread 0x00000000173c9800 DEOPT PACKING pc=0x0000000002f1ab8f sp=0x0000000018efe8c0
Event: 1.134 Thread 0x00000000173c9800 DEOPT UNPACKING pc=0x0000000002cd75d0 sp=0x0000000018efe6c0 mode 0
Event: 1.143 Thread 0x00000000173b5000 Uncommon trap: trap_request=0xffffffc6 fr.pc=0x00000000031310cc
Event: 1.143 Thread 0x00000000173b5000 DEOPT PACKING pc=0x00000000031310cc sp=0x0000000018cfec00
Event: 1.143 Thread 0x00000000173b5000 DEOPT UNPACKING pc=0x0000000002cd557b sp=0x0000000018cfeb38 mode 2
Event: 1.167 Thread 0x00000000173b5000 DEOPT PACKING pc=0x0000000002f1a98e sp=0x0000000018cfeaa0
Event: 1.167 Thread 0x00000000173b5000 DEOPT UNPACKING pc=0x0000000002cd75d0 sp=0x0000000018cfe8a0 mode 0
Event: 1.183 Thread 0x00000000173c9800 DEOPT PACKING pc=0x0000000002f1ab8f sp=0x0000000018efe8c0
Event: 1.183 Thread 0x00000000173c9800 DEOPT UNPACKING pc=0x0000000002cd75d0 sp=0x0000000018efe6c0 mode 0


Dynamic libraries:
0x00007ff7c7b00000 - 0x00007ff7c7b31000 	E:\androidStudio\jre\bin\java.exe
0x00007ffd0bd40000 - 0x00007ffd0bf30000 	C:\WINDOWS\SYSTEM32\ntdll.dll
0x00007ffd0b560000 - 0x00007ffd0b612000 	C:\WINDOWS\System32\KERNEL32.DLL
0x00007ffd09620000 - 0x00007ffd098c4000 	C:\WINDOWS\System32\KERNELBASE.dll
0x00007ffd09df0000 - 0x00007ffd09e93000 	C:\WINDOWS\System32\ADVAPI32.dll
0x00007ffd0ad60000 - 0x00007ffd0adfe000 	C:\WINDOWS\System32\msvcrt.dll
0x00007ffd0b6a0000 - 0x00007ffd0b737000 	C:\WINDOWS\System32\sechost.dll
0x00007ffd0b740000 - 0x00007ffd0b860000 	C:\WINDOWS\System32\RPCRT4.dll
0x00007ffd0a6f0000 - 0x00007ffd0a884000 	C:\WINDOWS\System32\USER32.dll
0x00007ffd09c20000 - 0x00007ffd09c41000 	C:\WINDOWS\System32\win32u.dll
0x00007ffd0a6c0000 - 0x00007ffd0a6e6000 	C:\WINDOWS\System32\GDI32.dll
0x00007ffd09c50000 - 0x00007ffd09de6000 	C:\WINDOWS\System32\gdi32full.dll
0x00007ffd08cc0000 - 0x00007ffd08d5e000 	C:\WINDOWS\System32\msvcp_win.dll
0x00007ffd08d60000 - 0x00007ffd08e5a000 	C:\WINDOWS\System32\ucrtbase.dll
0x00007ffcf6500000 - 0x00007ffcf6784000 	C:\WINDOWS\WinSxS\amd64_microsoft.windows.common-controls_6595b64144ccf1df_6.0.18362.959_none_e6c7bbbf130c62bb\COMCTL32.dll
0x00007ffd0b110000 - 0x00007ffd0b445000 	C:\WINDOWS\System32\combase.dll
0x00007ffd09aa0000 - 0x00007ffd09b20000 	C:\WINDOWS\System32\bcryptPrimitives.dll
0x00007ffd0b930000 - 0x00007ffd0b95e000 	C:\WINDOWS\System32\IMM32.DLL
0x000000005afd0000 - 0x000000005b0a2000 	E:\androidStudio\jre\jre\bin\msvcr100.dll
0x000000005b0f0000 - 0x000000005b93b000 	E:\androidStudio\jre\jre\bin\server\jvm.dll
0x00007ffd0b080000 - 0x00007ffd0b088000 	C:\WINDOWS\System32\PSAPI.DLL
0x00007ffcf0d10000 - 0x00007ffcf0d19000 	C:\WINDOWS\SYSTEM32\WSOCK32.dll
0x00007ffd0b960000 - 0x00007ffd0b9cf000 	C:\WINDOWS\System32\WS2_32.dll
0x00007ffd04a40000 - 0x00007ffd04a64000 	C:\WINDOWS\SYSTEM32\WINMM.dll
0x00007ffd01150000 - 0x00007ffd0115a000 	C:\WINDOWS\SYSTEM32\VERSION.dll
0x00007ffd049d0000 - 0x00007ffd049fd000 	C:\WINDOWS\SYSTEM32\WINMMBASE.dll
0x00007ffd09b20000 - 0x00007ffd09b6a000 	C:\WINDOWS\System32\cfgmgr32.dll
0x00007ffd04df0000 - 0x00007ffd04dff000 	E:\androidStudio\jre\jre\bin\verify.dll
0x00007ffd01220000 - 0x00007ffd01249000 	E:\androidStudio\jre\jre\bin\java.dll
0x00007ffd03770000 - 0x00007ffd03786000 	E:\androidStudio\jre\jre\bin\zip.dll
0x00007ffd09fd0000 - 0x00007ffd0a6b6000 	C:\WINDOWS\System32\SHELL32.dll
0x00007ffd0af50000 - 0x00007ffd0aff9000 	C:\WINDOWS\System32\shcore.dll
0x00007ffd08e60000 - 0x00007ffd095e2000 	C:\WINDOWS\System32\windows.storage.dll
0x00007ffd08c90000 - 0x00007ffd08cb3000 	C:\WINDOWS\System32\profapi.dll
0x00007ffd08c40000 - 0x00007ffd08c8a000 	C:\WINDOWS\System32\powrprof.dll
0x00007ffd08bf0000 - 0x00007ffd08c00000 	C:\WINDOWS\System32\UMPDC.dll
0x00007ffd0b450000 - 0x00007ffd0b4a2000 	C:\WINDOWS\System32\shlwapi.dll
0x00007ffd08c00000 - 0x00007ffd08c11000 	C:\WINDOWS\System32\kernel.appcore.dll
0x00007ffd09930000 - 0x00007ffd09947000 	C:\WINDOWS\System32\cryptsp.dll

VM Arguments:
jvm_args: -Djava.awt.headless=true -Xmx1024M -Dfile.encoding=GBK -Duser.country=CN -Duser.language=zh -Duser.variant 
java_command: com.android.dx.command.Main --dex --num-threads=4 --output C:\Users\DELL\Downloads\ImageUpload-master\ImageUploadClient\app\build\intermediates\pre-dexed\debug\okio-1.6.0_814967621bceadb54e9f08c74de187687a6209ee.jar C:\Users\DELL\.gradle\caches\modules-2\files-2.1\com.squareup.okio\okio\1.6.0\98476622f10715998eacf9240d6b479f12c66143\okio-1.6.0.jar
java_class_path (initial): C:\Users\DELL\AppData\Local\Android\Sdk\build-tools\23.0.2\lib\dx.jar
Launcher Type: SUN_STANDARD

Environment Variables:
CLASSPATH=D:\LINGO12\Lingo12.jar
PATH=C:\Program Files (x86)\Common Files\Oracle\Java\javapath;C:\Program Files\NVIDIA GPU Computing Toolkit\CUDA\v10.2\bin;C:\Program Files\NVIDIA GPU Computing Toolkit\CUDA\v10.2\libnvvp;C:\Program Files\Microsoft MPI\Bin\;C:\Program Files (x86)\Razer Chroma SDK\bin;C:\Program Files\Razer Chroma SDK\bin;C:\Windows\system32;C:\Windows;C:\Windows\System32\Wbem;C:\Windows\System32\WindowsPowerShell\v1.0\;C:\Program Files (x86)\NVIDIA Corporation\PhysX\Common;C:\WINDOWS\system32;C:\WINDOWS;C:\WINDOWS\System32\Wbem;C:\WINDOWS\System32\WindowsPowerShell\v1.0\;C:\WINDOWS\System32\OpenSSH\;E:\matlab\bin;C:\WINDOWS\system32\config\systemprofile\AppData\Local\Microsoft\WindowsApps;C:\Program Files\NVIDIA Corporation\NVIDIA NvDLISR;C:\ProgramData\chocolatey\bin;C:\Program Files\Intel\WiFi\bin\;C:\Program Files\Common Files\Intel\WirelessCommon\;C:\Program Files (x86)\Intel\Intel(R) Management Engine Components\DAL;C:\Program Files\Intel\Intel(R) Management Engine Components\DAL;C:\Strawberry\c\bin;C:\Strawberry\perl\site\bin;C:\Strawberry\perl\bin;E:\SPSS\JRE\bin;D:\LINGO12\;C:\WINDOWS\system32;C:\WINDOWS;C:\WINDOWS\System32\Wbem;C:\WINDOWS\System32\WindowsPowerShell\v1.0\;C:\WINDOWS\System32\OpenSSH\;C:\Program Files\Microsoft SQL Server\Client SDK\ODBC\130\Tools\Binn\;C:\Program Files (x86)\Microsoft SQL Server\140\Tools\Binn\;C:\Program Files\Microsoft SQL Server\140\Tools\Binn\;C:\Program Files\Microsoft SQL Server\140\DTS\Binn\;C:\Program Files (x86)\Microsoft SQL Server\150\DTS\Binn\;E:\anaconda\Scripts;C:\Program Files\NVIDIA Corporation\Nsight Compute 2019.5.0\;E:\anaconda;E:\curl\curl-7.61.1-win64-mingw\bin;C:\Program Files\MySQL\MySQL Utilities 1.6\;C:\Users\DELL\AppData\Local\Microsoft\WindowsApps;E:\pycharm\PyCharm Community Edition 2019.3.2\bin;;C:\ProgramData\chocolatey\lib\mingw\tools\install\mingw64\bin;C:\Users\DELL\AppData\Local\Programs\Microsoft VS Code\bin;E:\LaTeX\texlive\2019\bin\win32;E:\java\IntelliJ IDEA 2018.3.5\bin;
USERNAME=DELL
OS=Windows_NT
PROCESSOR_IDENTIFIER=Intel64 Family 6 Model 158 Stepping 10, GenuineIntel



---------------  S Y S T E M  ---------------

OS: Windows 10.0 , 64 bit Build 18362 (10.0.18362.959)

CPU:total 12 (initial active 12) (6 cores per cpu, 2 threads per core) family 6 model 158 stepping 10, cmov, cx8, fxsr, mmx, sse, sse2, sse3, ssse3, sse4.1, sse4.2, popcnt, avx, avx2, aes, clmul, erms, 3dnowpref, lzcnt, ht, tsc, tscinvbit, bmi1, bmi2, adx

Memory: 4k page, physical 8177948k(173820k free), swap 21844248k(4252k free)

vm_info: OpenJDK 64-Bit Server VM (25.242-b01) for windows-amd64 JRE (1.8.0_242-release-1644-b01), built by "builder" with MS VC++ 10.0 (VS2010)

time: Tue Jul 28 16:31:28 2020
timezone: 中国标准时间
elapsed time: 1 seconds (0d 0h 0m 1s)

