#
# There is insufficient memory for the Java Runtime Environment to continue.
# Native memory allocation (malloc) failed to allocate 264896 bytes for Chunk::new
# Possible reasons:
#   The system is out of physical RAM or swap space
#   The process is running with CompressedOops enabled, and the Java Heap may be blocking the growth of the native heap
# Possible solutions:
#   Reduce memory load on the system
#   Increase physical memory or swap space
#   Check if swap backing store is full
#   Decrease Java heap size (-Xmx/-Xms)
#   Decrease number of Java threads
#   Decrease Java thread stack sizes (-Xss)
#   Set larger code cache with -XX:ReservedCodeCacheSize=
#   JVM is running with Unscaled Compressed Oops mode in which the Java heap is
#     placed in the first 4GB address space. The Java Heap base address is the
#     maximum limit for the native heap growth. Please use -XX:HeapBaseMinAddress
#     to set the Java Heap base and to place the Java Heap above 4GB virtual address.
# This output file may be truncated or incomplete.
#
#  Out of Memory Error (allocation.cpp:389), pid=26704, tid=0x0000000000003e40
#
# JRE version: OpenJDK Runtime Environment (8.0_242-b01) (build 1.8.0_242-release-1644-b01)
# Java VM: OpenJDK 64-Bit Server VM (25.242-b01 mixed mode windows-amd64 compressed oops)
# Failed to write core dump. Minidumps are not enabled by default on client versions of Windows
#

---------------  T H R E A D  ---------------

Current thread (0x0000000016dfd800):  JavaThread "C2 CompilerThread0" daemon [_thread_in_native, id=15936, stack(0x00000000183b0000,0x00000000184b0000)]

Stack: [0x00000000183b0000,0x00000000184b0000]
[error occurred during error reporting (printing stack bounds), id 0xc0000005]

Native frames: (J=compiled Java code, j=interpreted, Vv=VM code, C=native code)


Current CompileTask:
C2:   2172  660       4       com.android.dx.ssa.SsaBasicBlock::forEachInsn (37 bytes)


---------------  P R O C E S S  ---------------

Java Threads: ( => current thread )
  0x0000000017139800 JavaThread "pool-1-thread-4" [_thread_in_vm, id=17584, stack(0x0000000018db0000,0x0000000018eb0000)]
  0x0000000017138000 JavaThread "pool-1-thread-3" [_thread_blocked, id=9004, stack(0x0000000018cb0000,0x0000000018db0000)]
  0x0000000017128800 JavaThread "pool-1-thread-2" [_thread_in_vm, id=27260, stack(0x0000000018bb0000,0x0000000018cb0000)]
  0x0000000017101800 JavaThread "pool-2-thread-1" [_thread_blocked, id=24724, stack(0x0000000018ab0000,0x0000000018bb0000)]
  0x0000000017100800 JavaThread "pool-1-thread-1" [_thread_in_vm, id=26608, stack(0x00000000189b0000,0x0000000018ab0000)]
  0x0000000016eb3000 JavaThread "Service Thread" daemon [_thread_blocked, id=20048, stack(0x00000000187b0000,0x00000000188b0000)]
  0x0000000016eac000 JavaThread "C1 CompilerThread3" daemon [_thread_blocked, id=14192, stack(0x00000000186b0000,0x00000000187b0000)]
  0x0000000016eab000 JavaThread "C2 CompilerThread2" daemon [_thread_in_vm, id=18936, stack(0x00000000185b0000,0x00000000186b0000)]
  0x0000000016e5e000 JavaThread "C2 CompilerThread1" daemon [_thread_in_native, id=10752, stack(0x00000000184b0000,0x00000000185b0000)]
=>0x0000000016dfd800 JavaThread "C2 CompilerThread0" daemon [_thread_in_native, id=15936, stack(0x00000000183b0000,0x00000000184b0000)]
  0x0000000016dfc800 JavaThread "Attach Listener" daemon [_thread_blocked, id=25824, stack(0x00000000182b0000,0x00000000183b0000)]
  0x0000000016dfa800 JavaThread "Signal Dispatcher" daemon [_thread_blocked, id=3636, stack(0x00000000181b0000,0x00000000182b0000)]
  0x000000001571c800 JavaThread "Finalizer" daemon [_thread_blocked, id=24056, stack(0x0000000018050000,0x0000000018150000)]
  0x0000000016de3000 JavaThread "Reference Handler" daemon [_thread_blocked, id=24048, stack(0x0000000017f50000,0x0000000018050000)]
  0x0000000002903000 JavaThread "main" [_thread_blocked, id=1536, stack(0x00000000024b0000,0x00000000025b0000)]

Other Threads:
  0x0000000016dc2800 VMThread [stack: 0x0000000017e50000,0x0000000017f50000] [id=16860]
  0x0000000016eb5800 WatcherThread [stack: 0x00000000188b0000,0x00000000189b0000] [id=9272]

VM state:not at safepoint (normal execution)

VM Mutex/Monitor currently owned by a thread:  ([mutex/lock_event])
[0x00000000024adce0] CompiledIC_lock - owner thread: 0x0000000017128800

heap address: 0x00000000c0000000, size: 1024 MB, Compressed Oops mode: 32-bit
Narrow klass base: 0x0000000000000000, Narrow klass shift: 3
Compressed class space size: 1073741824 Address: 0x0000000100000000

Heap:
 PSYoungGen      total 37888K, used 19932K [0x00000000eab00000, 0x00000000ed500000, 0x0000000100000000)
  eden space 32768K, 60% used [0x00000000eab00000,0x00000000ebe77108,0x00000000ecb00000)
  from space 5120K, 0% used [0x00000000ed000000,0x00000000ed000000,0x00000000ed500000)
  to   space 5120K, 0% used [0x00000000ecb00000,0x00000000ecb00000,0x00000000ed000000)
 ParOldGen       total 86016K, used 0K [0x00000000c0000000, 0x00000000c5400000, 0x00000000eab00000)
  object space 86016K, 0% used [0x00000000c0000000,0x00000000c0000000,0x00000000c5400000)
 Metaspace       used 5903K, capacity 6704K, committed 6784K, reserved 1056768K
  class space    used 586K, capacity 616K, committed 640K, reserved 1048576K

Card table byte_map: [0x0000000011dc0000,0x0000000011fd0000] byte_map_base: 0x00000000117c0000

Marking Bits: (ParMarkBitMap*) 0x000000005b8bf030
 Begin Bits: [0x0000000012b30000, 0x0000000013b30000)
 End Bits:   [0x0000000013b30000, 0x0000000014b30000)

Polling page: 0x0000000000840000

CodeCache: size=245760Kb used=2907Kb max_used=2918Kb free=242852Kb
 bounds [0x0000000002a00000, 0x0000000002ce0000, 0x0000000011a00000]
 total_blobs=1044 nmethods=766 adapters=191
 compilation: enabled

Compilation events (10 events):
Event: 2.156 Thread 0x0000000016eac000 nmethod 765 0x0000000002cc2ad0 code [0x0000000002cc2c60, 0x0000000002cc3008]
Event: 2.156 Thread 0x0000000016eac000  757       3       com.android.dx.ssa.back.InterferenceGraph::add (46 bytes)
Event: 2.157 Thread 0x0000000016eac000 nmethod 757 0x0000000002cc13d0 code [0x0000000002cc1640, 0x0000000002cc2248]
Event: 2.157 Thread 0x0000000016eac000  771       3       com.android.dx.cf.iface.StdAttributeList::findFirst (44 bytes)
Event: 2.158 Thread 0x0000000016eac000 nmethod 771 0x0000000002cc0810 code [0x0000000002cc09c0, 0x0000000002cc1138]
Event: 2.158 Thread 0x0000000016eac000  770       3       com.android.dx.dex.code.RopToDop::dopFor (792 bytes)
Event: 2.158 Thread 0x0000000016eab000 nmethod 769 0x0000000002cc0350 code [0x0000000002cc04a0, 0x0000000002cc05b8]
Event: 2.158 Thread 0x0000000016eab000  719       4       com.android.dx.rop.type.Type::getBasicFrameType (60 bytes)
Event: 2.158 Thread 0x0000000016eab000 nmethod 719 0x0000000002c6bc90 code [0x0000000002c6bdc0, 0x0000000002c6be38]
Event: 2.158 Thread 0x0000000016eab000  746       4       com.android.dx.rop.code.RegisterSpec$ForComparison::hashCode (16 bytes)

GC Heap History (0 events):
No events

Deoptimization events (1 events):
Event: 2.058 Thread 0x0000000017138000 Uncommon trap: reason=unstable_if action=reinterpret pc=0x0000000002bff2b0 method=java.util.BitSet.nextSetBit(I)I @ 87

Classes redefined (0 events):
No events

Internal exceptions (2 events):
Event: 0.671 Thread 0x0000000002903000 Exception <a 'java/lang/NoSuchMethodError': Method sun.misc.Unsafe.defineClass(Ljava/lang/String;[BII)Ljava/lang/Class; name or signature does not match> (0x00000000eab07cc8) thrown at [C:\src\AOSP-openjdk-git\hotspot\src\share\vm\prims\jni.cpp, line 4013
Event: 0.671 Thread 0x0000000002903000 Exception <a 'java/lang/NoSuchMethodError': Method sun.misc.Unsafe.prefetchRead(Ljava/lang/Object;J)V name or signature does not match> (0x00000000eab07fb0) thrown at [C:\src\AOSP-openjdk-git\hotspot\src\share\vm\prims\jni.cpp, line 4013]

Events (10 events):
Event: 2.100 loading class com/android/dx/cf/code/SwitchList
Event: 2.100 loading class com/android/dx/cf/code/SwitchList done
Event: 2.107 loading class java/util/TreeMap$EntrySet
Event: 2.107 loading class java/util/TreeMap$EntrySet done
Event: 2.107 loading class java/util/TreeMap$EntryIterator
Event: 2.107 loading class java/util/TreeMap$EntryIterator done
Event: 2.118 loading class com/android/dx/cf/attrib/AttExceptions
Event: 2.118 loading class com/android/dx/cf/attrib/AttExceptions done
Event: 2.132 loading class java/util/DualPivotQuicksort
Event: 2.132 loading class java/util/DualPivotQuicksort done


Dynamic libraries:
0x00007ff7c7b00000 - 0x00007ff7c7b31000 	E:\androidStudio\jre\bin\java.exe
0x00007ffd0bd40000 - 0x00007ffd0bf30000 	C:\WINDOWS\SYSTEM32\ntdll.dll
0x00007ffd0b560000 - 0x00007ffd0b612000 	C:\WINDOWS\System32\KERNEL32.DLL
0x00007ffd09620000 - 0x00007ffd098c4000 	C:\WINDOWS\System32\KERNELBASE.dll
0x00007ffd09df0000 - 0x00007ffd09e93000 	C:\WINDOWS\System32\ADVAPI32.dll
0x00007ffd0ad60000 - 0x00007ffd0adfe000 	C:\WINDOWS\System32\msvcrt.dll
0x00007ffd0b6a0000 - 0x00007ffd0b737000 	C:\WINDOWS\System32\sechost.dll
0x00007ffd0b740000 - 0x00007ffd0b860000 	C:\WINDOWS\System32\RPCRT4.dll
0x00007ffd0a6f0000 - 0x00007ffd0a884000 	C:\WINDOWS\System32\USER32.dll
0x00007ffd09c20000 - 0x00007ffd09c41000 	C:\WINDOWS\System32\win32u.dll
0x00007ffd0a6c0000 - 0x00007ffd0a6e6000 	C:\WINDOWS\System32\GDI32.dll
0x00007ffd09c50000 - 0x00007ffd09de6000 	C:\WINDOWS\System32\gdi32full.dll
0x00007ffd08cc0000 - 0x00007ffd08d5e000 	C:\WINDOWS\System32\msvcp_win.dll
0x00007ffd08d60000 - 0x00007ffd08e5a000 	C:\WINDOWS\System32\ucrtbase.dll
0x00007ffcf6500000 - 0x00007ffcf6784000 	C:\WINDOWS\WinSxS\amd64_microsoft.windows.common-controls_6595b64144ccf1df_6.0.18362.959_none_e6c7bbbf130c62bb\COMCTL32.dll
0x00007ffd0b110000 - 0x00007ffd0b445000 	C:\WINDOWS\System32\combase.dll
0x00007ffd09aa0000 - 0x00007ffd09b20000 	C:\WINDOWS\System32\bcryptPrimitives.dll
0x00007ffd0b930000 - 0x00007ffd0b95e000 	C:\WINDOWS\System32\IMM32.DLL
0x000000005afd0000 - 0x000000005b0a2000 	E:\androidStudio\jre\jre\bin\msvcr100.dll
0x000000005b0f0000 - 0x000000005b93b000 	E:\androidStudio\jre\jre\bin\server\jvm.dll
0x00007ffd0b080000 - 0x00007ffd0b088000 	C:\WINDOWS\System32\PSAPI.DLL
0x00007ffcf0d10000 - 0x00007ffcf0d19000 	C:\WINDOWS\SYSTEM32\WSOCK32.dll
0x00007ffd0b960000 - 0x00007ffd0b9cf000 	C:\WINDOWS\System32\WS2_32.dll
0x00007ffd04a40000 - 0x00007ffd04a64000 	C:\WINDOWS\SYSTEM32\WINMM.dll
0x00007ffd01150000 - 0x00007ffd0115a000 	C:\WINDOWS\SYSTEM32\VERSION.dll
0x00007ffd049d0000 - 0x00007ffd049fd000 	C:\WINDOWS\SYSTEM32\WINMMBASE.dll
0x00007ffd09b20000 - 0x00007ffd09b6a000 	C:\WINDOWS\System32\cfgmgr32.dll
0x00007ffd04df0000 - 0x00007ffd04dff000 	E:\androidStudio\jre\jre\bin\verify.dll
0x00007ffd01220000 - 0x00007ffd01249000 	E:\androidStudio\jre\jre\bin\java.dll
0x00007ffd03770000 - 0x00007ffd03786000 	E:\androidStudio\jre\jre\bin\zip.dll
0x00007ffd09fd0000 - 0x00007ffd0a6b6000 	C:\WINDOWS\System32\SHELL32.dll
0x00007ffd0af50000 - 0x00007ffd0aff9000 	C:\WINDOWS\System32\shcore.dll
0x00007ffd08e60000 - 0x00007ffd095e2000 	C:\WINDOWS\System32\windows.storage.dll
0x00007ffd08c90000 - 0x00007ffd08cb3000 	C:\WINDOWS\System32\profapi.dll
0x00007ffd08c40000 - 0x00007ffd08c8a000 	C:\WINDOWS\System32\powrprof.dll
0x00007ffd08bf0000 - 0x00007ffd08c00000 	C:\WINDOWS\System32\UMPDC.dll
0x00007ffd0b450000 - 0x00007ffd0b4a2000 	C:\WINDOWS\System32\shlwapi.dll
0x00007ffd08c00000 - 0x00007ffd08c11000 	C:\WINDOWS\System32\kernel.appcore.dll
0x00007ffd09930000 - 0x00007ffd09947000 	C:\WINDOWS\System32\cryptsp.dll

VM Arguments:
jvm_args: -Djava.awt.headless=true -Xmx1024M -Dfile.encoding=GBK -Duser.country=CN -Duser.language=zh -Duser.variant 
java_command: com.android.dx.command.Main --dex --num-threads=4 --output C:\Users\DELL\Downloads\ImageUpload-master\ImageUploadClient\app\build\intermediates\pre-dexed\debug\com.android.support-recyclerview-v7-23.3.0_508c11a1e81f2fc718d88cf80f83e0266e87ab9c.jar C:\Users\DELL\Downloads\ImageUpload-master\ImageUploadClient\app\build\intermediates\exploded-aar\com.android.support\recyclerview-v7\23.3.0\jars\classes.jar
java_class_path (initial): C:\Users\DELL\AppData\Local\Android\Sdk\build-tools\23.0.2\lib\dx.jar
Launcher Type: SUN_STANDARD

Environment Variables:
CLASSPATH=D:\LINGO12\Lingo12.jar
PATH=C:\Program Files (x86)\Common Files\Oracle\Java\javapath;C:\Program Files\NVIDIA GPU Computing Toolkit\CUDA\v10.2\bin;C:\Program Files\NVIDIA GPU Computing Toolkit\CUDA\v10.2\libnvvp;C:\Program Files\Microsoft MPI\Bin\;C:\Program Files (x86)\Razer Chroma SDK\bin;C:\Program Files\Razer Chroma SDK\bin;C:\Windows\system32;C:\Windows;C:\Windows\System32\Wbem;C:\Windows\System32\WindowsPowerShell\v1.0\;C:\Program Files (x86)\NVIDIA Corporation\PhysX\Common;C:\WINDOWS\system32;C:\WINDOWS;C:\WINDOWS\System32\Wbem;C:\WINDOWS\System32\WindowsPowerShell\v1.0\;C:\WINDOWS\System32\OpenSSH\;E:\matlab\bin;C:\WINDOWS\system32\config\systemprofile\AppData\Local\Microsoft\WindowsApps;C:\Program Files\NVIDIA Corporation\NVIDIA NvDLISR;C:\ProgramData\chocolatey\bin;C:\Program Files\Intel\WiFi\bin\;C:\Program Files\Common Files\Intel\WirelessCommon\;C:\Program Files (x86)\Intel\Intel(R) Management Engine Components\DAL;C:\Program Files\Intel\Intel(R) Management Engine Components\DAL;C:\Strawberry\c\bin;C:\Strawberry\perl\site\bin;C:\Strawberry\perl\bin;E:\SPSS\JRE\bin;D:\LINGO12\;C:\WINDOWS\system32;C:\WINDOWS;C:\WINDOWS\System32\Wbem;C:\WINDOWS\System32\WindowsPowerShell\v1.0\;C:\WINDOWS\System32\OpenSSH\;C:\Program Files\Microsoft SQL Server\Client SDK\ODBC\130\Tools\Binn\;C:\Program Files (x86)\Microsoft SQL Server\140\Tools\Binn\;C:\Program Files\Microsoft SQL Server\140\Tools\Binn\;C:\Program Files\Microsoft SQL Server\140\DTS\Binn\;C:\Program Files (x86)\Microsoft SQL Server\150\DTS\Binn\;E:\anaconda\Scripts;C:\Program Files\NVIDIA Corporation\Nsight Compute 2019.5.0\;E:\anaconda;E:\curl\curl-7.61.1-win64-mingw\bin;C:\Program Files\MySQL\MySQL Utilities 1.6\;C:\Users\DELL\AppData\Local\Microsoft\WindowsApps;E:\pycharm\PyCharm Community Edition 2019.3.2\bin;;C:\ProgramData\chocolatey\lib\mingw\tools\install\mingw64\bin;C:\Users\DELL\AppData\Local\Programs\Microsoft VS Code\bin;E:\LaTeX\texlive\2019\bin\win32;E:\java\IntelliJ IDEA 2018.3.5\bin;
USERNAME=DELL
OS=Windows_NT
PROCESSOR_IDENTIFIER=Intel64 Family 6 Model 158 Stepping 10, GenuineIntel



---------------  S Y S T E M  ---------------

OS: Windows 10.0 , 64 bit Build 18362 (10.0.18362.959)

CPU:total 12 (initial active 12) (6 cores per cpu, 2 threads per core) family 6 model 158 stepping 10, cmov, cx8, fxsr, mmx, sse, sse2, sse3, ssse3, sse4.1, sse4.2, popcnt, avx, avx2, aes, clmul, erms, 3dnowpref, lzcnt, ht, tsc, tscinvbit, bmi1, bmi2, adx

Memory: 4k page, physical 8177948k(260700k free), swap 21844248k(5132k free)

vm_info: OpenJDK 64-Bit Server VM (25.242-b01) for windows-amd64 JRE (1.8.0_242-release-1644-b01), built by "builder" with MS VC++ 10.0 (VS2010)

time: Tue Jul 28 16:31:52 2020
timezone: 中国标准时间
elapsed time: 2 seconds (0d 0h 0m 2s)

