#
# There is insufficient memory for the Java Runtime Environment to continue.
# Native memory allocation (malloc) failed to allocate 621136 bytes for Chunk::new
# Possible reasons:
#   The system is out of physical RAM or swap space
#   The process is running with CompressedOops enabled, and the Java Heap may be blocking the growth of the native heap
# Possible solutions:
#   Reduce memory load on the system
#   Increase physical memory or swap space
#   Check if swap backing store is full
#   Decrease Java heap size (-Xmx/-Xms)
#   Decrease number of Java threads
#   Decrease Java thread stack sizes (-Xss)
#   Set larger code cache with -XX:ReservedCodeCacheSize=
#   JVM is running with Unscaled Compressed Oops mode in which the Java heap is
#     placed in the first 4GB address space. The Java Heap base address is the
#     maximum limit for the native heap growth. Please use -XX:HeapBaseMinAddress
#     to set the Java Heap base and to place the Java Heap above 4GB virtual address.
# This output file may be truncated or incomplete.
#
#  Out of Memory Error (allocation.cpp:389), pid=6428, tid=0x0000000000001c9c
#
# JRE version: OpenJDK Runtime Environment (8.0_242-b01) (build 1.8.0_242-release-1644-b01)
# Java VM: OpenJDK 64-Bit Server VM (25.242-b01 mixed mode windows-amd64 compressed oops)
# Failed to write core dump. Minidumps are not enabled by default on client versions of Windows
#

---------------  T H R E A D  ---------------

Current thread (0x000000001712c000):  JavaThread "C2 CompilerThread1" daemon [_thread_in_native, id=7324, stack(0x0000000018710000,0x0000000018810000)]

Stack: [0x0000000018710000,0x0000000018810000]
[error occurred during error reporting (printing stack bounds), id 0xc0000005]

Native frames: (J=compiled Java code, j=interpreted, Vv=VM code, C=native code)


Current CompileTask:
C2:   2622 1593       4       com.android.dx.ssa.LocalVariableExtractor::processBlock (383 bytes)


---------------  P R O C E S S  ---------------

Java Threads: ( => current thread )
  0x0000000018c68000 JavaThread "pool-1-thread-4" [_thread_blocked, id=27352, stack(0x0000000019810000,0x0000000019910000)]
  0x0000000018c65000 JavaThread "pool-1-thread-3" [_thread_blocked, id=22296, stack(0x0000000019710000,0x0000000019810000)]
  0x0000000018c64800 JavaThread "pool-1-thread-2" [_thread_in_Java, id=21104, stack(0x0000000019610000,0x0000000019710000)]
  0x00000000173cf800 JavaThread "pool-2-thread-1" [_thread_blocked, id=23764, stack(0x0000000019510000,0x0000000019610000)]
  0x0000000017434000 JavaThread "pool-1-thread-1" [_thread_blocked, id=24100, stack(0x0000000019410000,0x0000000019510000)]
  0x0000000017186000 JavaThread "Service Thread" daemon [_thread_blocked, id=23904, stack(0x0000000018a10000,0x0000000018b10000)]
  0x0000000017181000 JavaThread "C1 CompilerThread3" daemon [_thread_blocked, id=6236, stack(0x0000000018910000,0x0000000018a10000)]
  0x0000000017174000 JavaThread "C2 CompilerThread2" daemon [_thread_in_native, id=5464, stack(0x0000000018810000,0x0000000018910000)]
=>0x000000001712c000 JavaThread "C2 CompilerThread1" daemon [_thread_in_native, id=7324, stack(0x0000000018710000,0x0000000018810000)]
  0x00000000170d5800 JavaThread "C2 CompilerThread0" daemon [_thread_in_native, id=20496, stack(0x0000000018610000,0x0000000018710000)]
  0x00000000170d4800 JavaThread "Attach Listener" daemon [_thread_blocked, id=27144, stack(0x0000000018510000,0x0000000018610000)]
  0x000000001712a000 JavaThread "Signal Dispatcher" daemon [_thread_blocked, id=27492, stack(0x0000000018410000,0x0000000018510000)]
  0x0000000002ccb800 JavaThread "Finalizer" daemon [_thread_blocked, id=18708, stack(0x0000000018310000,0x0000000018410000)]
  0x00000000170b3000 JavaThread "Reference Handler" daemon [_thread_blocked, id=15604, stack(0x0000000018210000,0x0000000018310000)]
  0x0000000002bd3000 JavaThread "main" [_thread_in_vm, id=17492, stack(0x0000000002ad0000,0x0000000002bd0000)]

Other Threads:
  0x0000000017092800 VMThread [stack: 0x0000000018110000,0x0000000018210000] [id=17404]
  0x0000000017188800 WatcherThread [stack: 0x0000000018b10000,0x0000000018c10000] [id=23796]

VM state:not at safepoint (normal execution)

VM Mutex/Monitor currently owned by a thread: None

heap address: 0x00000000c0000000, size: 1024 MB, Compressed Oops mode: 32-bit
Narrow klass base: 0x0000000000000000, Narrow klass shift: 3
Compressed class space size: 1073741824 Address: 0x0000000100000000

Heap:
 PSYoungGen      total 37888K, used 15339K [0x00000000eab00000, 0x00000000ef500000, 0x0000000100000000)
  eden space 32768K, 31% used [0x00000000eab00000,0x00000000eb4fcf50,0x00000000ecb00000)
  from space 5120K, 99% used [0x00000000ecb00000,0x00000000ecffe040,0x00000000ed000000)
  to   space 5120K, 0% used [0x00000000ef000000,0x00000000ef000000,0x00000000ef500000)
 ParOldGen       total 86016K, used 10564K [0x00000000c0000000, 0x00000000c5400000, 0x00000000eab00000)
  object space 86016K, 12% used [0x00000000c0000000,0x00000000c0a511c0,0x00000000c5400000)
 Metaspace       used 6429K, capacity 7128K, committed 7424K, reserved 1056768K
  class space    used 606K, capacity 656K, committed 768K, reserved 1048576K

Card table byte_map: [0x0000000012090000,0x00000000122a0000] byte_map_base: 0x0000000011a90000

Marking Bits: (ParMarkBitMap*) 0x000000005b8bf030
 Begin Bits: [0x0000000012e00000, 0x0000000013e00000)
 End Bits:   [0x0000000013e00000, 0x0000000014e00000)

Polling page: 0x0000000000d00000

CodeCache: size=245760Kb used=6473Kb max_used=6473Kb free=239286Kb
 bounds [0x0000000002cd0000, 0x0000000003330000, 0x0000000011cd0000]
 total_blobs=1927 nmethods=1648 adapters=191
 compilation: enabled

Compilation events (10 events):
Event: 2.594 Thread 0x0000000017174000 1648       4       com.android.dx.ssa.SsaRenamer$BlockRenamer::process (191 bytes)
Event: 2.595 Thread 0x0000000017181000 nmethod 1694% 0x0000000003316490 code [0x0000000003316700, 0x0000000003317868]
Event: 2.596 Thread 0x0000000017181000 1695       2       java.util.HashMap::comparableClassFor (105 bytes)
Event: 2.596 Thread 0x0000000017181000 nmethod 1695 0x0000000003315b50 code [0x0000000003315d00, 0x0000000003316168]
Event: 2.596 Thread 0x0000000017181000 1696       2       java.util.HashMap$TreeNode::find (172 bytes)
Event: 2.597 Thread 0x0000000017181000 nmethod 1696 0x0000000003315290 code [0x0000000003315440, 0x0000000003315878]
Event: 2.597 Thread 0x0000000017181000 1697       2       com.android.dx.rop.cst.CstInterfaceMethodRef::toMethodRef (31 bytes)
Event: 2.598 Thread 0x0000000017181000 nmethod 1697 0x0000000003314cd0 code [0x0000000003314e40, 0x00000000033150b8]
Event: 2.598 Thread 0x0000000017181000 1698       2       com.android.dx.dex.cf.CfTranslator::translate0 (259 bytes)
Event: 2.601 Thread 0x0000000017181000 nmethod 1698 0x0000000003326850 code [0x0000000003326b40, 0x0000000003327858]

GC Heap History (6 events):
Event: 1.758 GC heap before
{Heap before GC invocations=1 (full 0):
 PSYoungGen      total 37888K, used 32768K [0x00000000eab00000, 0x00000000ed500000, 0x0000000100000000)
  eden space 32768K, 100% used [0x00000000eab00000,0x00000000ecb00000,0x00000000ecb00000)
  from space 5120K, 0% used [0x00000000ed000000,0x00000000ed000000,0x00000000ed500000)
  to   space 5120K, 0% used [0x00000000ecb00000,0x00000000ecb00000,0x00000000ed000000)
 ParOldGen       total 86016K, used 0K [0x00000000c0000000, 0x00000000c5400000, 0x00000000eab00000)
  object space 86016K, 0% used [0x00000000c0000000,0x00000000c0000000,0x00000000c5400000)
 Metaspace       used 6044K, capacity 6832K, committed 7040K, reserved 1056768K
  class space    used 586K, capacity 616K, committed 640K, reserved 1048576K
Event: 1.774 GC heap after
Heap after GC invocations=1 (full 0):
 PSYoungGen      total 37888K, used 5119K [0x00000000eab00000, 0x00000000ed500000, 0x0000000100000000)
  eden space 32768K, 0% used [0x00000000eab00000,0x00000000eab00000,0x00000000ecb00000)
  from space 5120K, 99% used [0x00000000ecb00000,0x00000000ecffff88,0x00000000ed000000)
  to   space 5120K, 0% used [0x00000000ed000000,0x00000000ed000000,0x00000000ed500000)
 ParOldGen       total 86016K, used 1520K [0x00000000c0000000, 0x00000000c5400000, 0x00000000eab00000)
  object space 86016K, 1% used [0x00000000c0000000,0x00000000c017c1e8,0x00000000c5400000)
 Metaspace       used 6044K, capacity 6832K, committed 7040K, reserved 1056768K
  class space    used 586K, capacity 616K, committed 640K, reserved 1048576K
}
Event: 2.101 GC heap before
{Heap before GC invocations=2 (full 0):
 PSYoungGen      total 37888K, used 37887K [0x00000000eab00000, 0x00000000ed500000, 0x0000000100000000)
  eden space 32768K, 100% used [0x00000000eab00000,0x00000000ecb00000,0x00000000ecb00000)
  from space 5120K, 99% used [0x00000000ecb00000,0x00000000ecffff88,0x00000000ed000000)
  to   space 5120K, 0% used [0x00000000ed000000,0x00000000ed000000,0x00000000ed500000)
 ParOldGen       total 86016K, used 1520K [0x00000000c0000000, 0x00000000c5400000, 0x00000000eab00000)
  object space 86016K, 1% used [0x00000000c0000000,0x00000000c017c1e8,0x00000000c5400000)
 Metaspace       used 6227K, capacity 7024K, committed 7296K, reserved 1056768K
  class space    used 586K, capacity 616K, committed 640K, reserved 1048576K
Event: 2.132 GC heap after
Heap after GC invocations=2 (full 0):
 PSYoungGen      total 37888K, used 5106K [0x00000000eab00000, 0x00000000ef500000, 0x0000000100000000)
  eden space 32768K, 0% used [0x00000000eab00000,0x00000000eab00000,0x00000000ecb00000)
  from space 5120K, 99% used [0x00000000ed000000,0x00000000ed4fcb08,0x00000000ed500000)
  to   space 5120K, 0% used [0x00000000ecb00000,0x00000000ecb00000,0x00000000ed000000)
 ParOldGen       total 86016K, used 6188K [0x00000000c0000000, 0x00000000c5400000, 0x00000000eab00000)
  object space 86016K, 7% used [0x00000000c0000000,0x00000000c060b200,0x00000000c5400000)
 Metaspace       used 6227K, capacity 7024K, committed 7296K, reserved 1056768K
  class space    used 586K, capacity 616K, committed 640K, reserved 1048576K
}
Event: 2.448 GC heap before
{Heap before GC invocations=3 (full 0):
 PSYoungGen      total 37888K, used 37874K [0x00000000eab00000, 0x00000000ef500000, 0x0000000100000000)
  eden space 32768K, 100% used [0x00000000eab00000,0x00000000ecb00000,0x00000000ecb00000)
  from space 5120K, 99% used [0x00000000ed000000,0x00000000ed4fcb08,0x00000000ed500000)
  to   space 5120K, 0% used [0x00000000ecb00000,0x00000000ecb00000,0x00000000ed000000)
 ParOldGen       total 86016K, used 6188K [0x00000000c0000000, 0x00000000c5400000, 0x00000000eab00000)
  object space 86016K, 7% used [0x00000000c0000000,0x00000000c060b200,0x00000000c5400000)
 Metaspace       used 6373K, capacity 7064K, committed 7424K, reserved 1056768K
  class space    used 606K, capacity 656K, committed 768K, reserved 1048576K
Event: 2.470 GC heap after
Heap after GC invocations=3 (full 0):
 PSYoungGen      total 37888K, used 5112K [0x00000000eab00000, 0x00000000ef500000, 0x0000000100000000)
  eden space 32768K, 0% used [0x00000000eab00000,0x00000000eab00000,0x00000000ecb00000)
  from space 5120K, 99% used [0x00000000ecb00000,0x00000000ecffe040,0x00000000ed000000)
  to   space 5120K, 0% used [0x00000000ef000000,0x00000000ef000000,0x00000000ef500000)
 ParOldGen       total 86016K, used 10564K [0x00000000c0000000, 0x00000000c5400000, 0x00000000eab00000)
  object space 86016K, 12% used [0x00000000c0000000,0x00000000c0a511c0,0x00000000c5400000)
 Metaspace       used 6373K, capacity 7064K, committed 7424K, reserved 1056768K
  class space    used 606K, capacity 656K, committed 768K, reserved 1048576K
}

Deoptimization events (10 events):
Event: 1.736 Thread 0x0000000017434000 Uncommon trap: reason=null_check action=make_not_entrant pc=0x000000000302d574 method=com.android.dx.ssa.SsaRenamer.getLocalForNewReg(I)Lcom/android/dx/rop/code/LocalItem; @ 19
Event: 1.977 Thread 0x0000000018c65000 Uncommon trap: reason=unstable_if action=reinterpret pc=0x0000000002f1d0f4 method=java.util.HashMap.getNode(ILjava/lang/Object;)Ljava/util/HashMap$Node; @ 62
Event: 1.999 Thread 0x0000000018c65000 Uncommon trap: reason=bimorphic action=maybe_recompile pc=0x0000000003049668 method=java.util.HashMap.getNode(ILjava/lang/Object;)Ljava/util/HashMap$Node; @ 126
Event: 2.066 Thread 0x0000000018c64800 Uncommon trap: reason=unstable_if action=reinterpret pc=0x0000000003123fd0 method=com.android.dx.ssa.SsaRenamer$BlockRenamer.visitMoveInsn(Lcom/android/dx/ssa/NormalSsaInsn;)V @ 104
Event: 2.083 Thread 0x0000000018c65000 Uncommon trap: reason=unstable_if action=reinterpret pc=0x0000000002f9e844 method=com.android.dx.rop.code.RegisterSpec.equals(ILcom/android/dx/rop/type/TypeBearer;Lcom/android/dx/rop/code/LocalItem;)Z @ 42
Event: 2.083 Thread 0x0000000018c65000 Uncommon trap: reason=unstable_if action=reinterpret pc=0x00000000030eed28 method=com.android.dx.ssa.SsaRenamer$BlockRenamer.visitMoveInsn(Lcom/android/dx/ssa/NormalSsaInsn;)V @ 104
Event: 2.190 Thread 0x0000000017434000 Uncommon trap: reason=unstable_if action=reinterpret pc=0x0000000002ff4f00 method=java.util.HashMap.putVal(ILjava/lang/Object;Ljava/lang/Object;ZZ)Ljava/lang/Object; @ 162
Event: 2.203 Thread 0x0000000017434000 Uncommon trap: reason=unstable_if action=reinterpret pc=0x0000000003049648 method=java.util.HashMap.getNode(ILjava/lang/Object;)Ljava/util/HashMap$Node; @ 84
Event: 2.232 Thread 0x0000000017434000 Uncommon trap: reason=unstable_if action=reinterpret pc=0x000000000320a2d8 method=com.android.dx.ssa.SCCP.simulateStmt(Lcom/android/dx/ssa/SsaInsn;)V @ 53
Event: 2.261 Thread 0x0000000018c65000 Uncommon trap: reason=unstable_if action=reinterpret pc=0x00000000031a1584 method=java.util.HashMap.putVal(ILjava/lang/Object;Ljava/lang/Object;ZZ)Ljava/lang/Object; @ 162

Classes redefined (0 events):
No events

Internal exceptions (7 events):
Event: 0.068 Thread 0x0000000002bd3000 Exception <a 'java/lang/NoSuchMethodError': Method sun.misc.Unsafe.defineClass(Ljava/lang/String;[BII)Ljava/lang/Class; name or signature does not match> (0x00000000eab07cc8) thrown at [C:\src\AOSP-openjdk-git\hotspot\src\share\vm\prims\jni.cpp, line 4013
Event: 0.068 Thread 0x0000000002bd3000 Exception <a 'java/lang/NoSuchMethodError': Method sun.misc.Unsafe.prefetchRead(Ljava/lang/Object;J)V name or signature does not match> (0x00000000eab07fb0) thrown at [C:\src\AOSP-openjdk-git\hotspot\src\share\vm\prims\jni.cpp, line 4013]
Event: 1.736 Thread 0x0000000017434000 Implicit null exception at 0x0000000003036c54 to 0x0000000003039cc5
Event: 1.736 Thread 0x0000000017434000 Implicit null exception at 0x000000000302a846 to 0x000000000302d551
Event: 2.193 Thread 0x0000000017434000 Exception <a 'java/lang/ArrayIndexOutOfBoundsException': 18> (0x00000000eac815f8) thrown at [C:\src\AOSP-openjdk-git\hotspot\src\share\vm\interpreter\interpreterRuntime.cpp, line 368]
Event: 2.193 Thread 0x0000000017434000 Exception <a 'java/lang/ArrayIndexOutOfBoundsException': 145> (0x00000000eac83178) thrown at [C:\src\AOSP-openjdk-git\hotspot\src\share\vm\interpreter\interpreterRuntime.cpp, line 368]
Event: 2.194 Thread 0x0000000017434000 Exception <a 'java/lang/ArrayIndexOutOfBoundsException'> (0x00000000eac84460) thrown at [C:\src\AOSP-openjdk-git\hotspot\src\share\vm\runtime\sharedRuntime.cpp, line 605]

Events (10 events):
Event: 2.368 Thread 0x0000000018c65000 DEOPT PACKING pc=0x00000000030ba722 sp=0x000000001980eae0
Event: 2.368 Thread 0x0000000018c68000 DEOPT PACKING pc=0x00000000030bf2ab sp=0x000000001990e740
Event: 2.368 Thread 0x0000000018c65000 DEOPT UNPACKING pc=0x0000000002d175d0 sp=0x000000001980e928 mode 0
Event: 2.368 Thread 0x0000000018c68000 DEOPT UNPACKING pc=0x0000000002d175d0 sp=0x000000001990e4f0 mode 0
Event: 2.402 Thread 0x0000000018c68000 DEOPT PACKING pc=0x000000000311aa55 sp=0x000000001990e880
Event: 2.403 Thread 0x0000000018c68000 DEOPT UNPACKING pc=0x0000000002d175d0 sp=0x000000001990e618 mode 0
Event: 2.447 Executing VM operation: ParallelGCFailedAllocation
Event: 2.470 Executing VM operation: ParallelGCFailedAllocation done
Event: 2.473 Thread 0x0000000018c64800 DEOPT PACKING pc=0x00000000030e1ebf sp=0x000000001970e5b0
Event: 2.473 Thread 0x0000000018c64800 DEOPT UNPACKING pc=0x0000000002d175d0 sp=0x000000001970e390 mode 0


Dynamic libraries:
0x00007ff7c7b00000 - 0x00007ff7c7b31000 	E:\androidStudio\jre\bin\java.exe
0x00007ffd0bd40000 - 0x00007ffd0bf30000 	C:\WINDOWS\SYSTEM32\ntdll.dll
0x00007ffd0b560000 - 0x00007ffd0b612000 	C:\WINDOWS\System32\KERNEL32.DLL
0x00007ffd09620000 - 0x00007ffd098c4000 	C:\WINDOWS\System32\KERNELBASE.dll
0x00007ffd09df0000 - 0x00007ffd09e93000 	C:\WINDOWS\System32\ADVAPI32.dll
0x00007ffd0ad60000 - 0x00007ffd0adfe000 	C:\WINDOWS\System32\msvcrt.dll
0x00007ffd0b6a0000 - 0x00007ffd0b737000 	C:\WINDOWS\System32\sechost.dll
0x00007ffd0b740000 - 0x00007ffd0b860000 	C:\WINDOWS\System32\RPCRT4.dll
0x00007ffd0a6f0000 - 0x00007ffd0a884000 	C:\WINDOWS\System32\USER32.dll
0x00007ffd09c20000 - 0x00007ffd09c41000 	C:\WINDOWS\System32\win32u.dll
0x00007ffd0a6c0000 - 0x00007ffd0a6e6000 	C:\WINDOWS\System32\GDI32.dll
0x00007ffd09c50000 - 0x00007ffd09de6000 	C:\WINDOWS\System32\gdi32full.dll
0x00007ffd08cc0000 - 0x00007ffd08d5e000 	C:\WINDOWS\System32\msvcp_win.dll
0x00007ffd08d60000 - 0x00007ffd08e5a000 	C:\WINDOWS\System32\ucrtbase.dll
0x00007ffcf6500000 - 0x00007ffcf6784000 	C:\WINDOWS\WinSxS\amd64_microsoft.windows.common-controls_6595b64144ccf1df_6.0.18362.959_none_e6c7bbbf130c62bb\COMCTL32.dll
0x00007ffd0b110000 - 0x00007ffd0b445000 	C:\WINDOWS\System32\combase.dll
0x00007ffd09aa0000 - 0x00007ffd09b20000 	C:\WINDOWS\System32\bcryptPrimitives.dll
0x00007ffd0b930000 - 0x00007ffd0b95e000 	C:\WINDOWS\System32\IMM32.DLL
0x000000005afd0000 - 0x000000005b0a2000 	E:\androidStudio\jre\jre\bin\msvcr100.dll
0x000000005b0f0000 - 0x000000005b93b000 	E:\androidStudio\jre\jre\bin\server\jvm.dll
0x00007ffd0b080000 - 0x00007ffd0b088000 	C:\WINDOWS\System32\PSAPI.DLL
0x00007ffcf0d10000 - 0x00007ffcf0d19000 	C:\WINDOWS\SYSTEM32\WSOCK32.dll
0x00007ffd0b960000 - 0x00007ffd0b9cf000 	C:\WINDOWS\System32\WS2_32.dll
0x00007ffd01150000 - 0x00007ffd0115a000 	C:\WINDOWS\SYSTEM32\VERSION.dll
0x00007ffd04a40000 - 0x00007ffd04a64000 	C:\WINDOWS\SYSTEM32\WINMM.dll
0x00007ffd049d0000 - 0x00007ffd049fd000 	C:\WINDOWS\SYSTEM32\WINMMBASE.dll
0x00007ffd09b20000 - 0x00007ffd09b6a000 	C:\WINDOWS\System32\cfgmgr32.dll
0x00007ffd04df0000 - 0x00007ffd04dff000 	E:\androidStudio\jre\jre\bin\verify.dll
0x00007ffd01220000 - 0x00007ffd01249000 	E:\androidStudio\jre\jre\bin\java.dll
0x00007ffd03770000 - 0x00007ffd03786000 	E:\androidStudio\jre\jre\bin\zip.dll
0x00007ffd09fd0000 - 0x00007ffd0a6b6000 	C:\WINDOWS\System32\SHELL32.dll
0x00007ffd0af50000 - 0x00007ffd0aff9000 	C:\WINDOWS\System32\shcore.dll
0x00007ffd08e60000 - 0x00007ffd095e2000 	C:\WINDOWS\System32\windows.storage.dll
0x00007ffd08c90000 - 0x00007ffd08cb3000 	C:\WINDOWS\System32\profapi.dll
0x00007ffd08c40000 - 0x00007ffd08c8a000 	C:\WINDOWS\System32\powrprof.dll
0x00007ffd08bf0000 - 0x00007ffd08c00000 	C:\WINDOWS\System32\UMPDC.dll
0x00007ffd0b450000 - 0x00007ffd0b4a2000 	C:\WINDOWS\System32\shlwapi.dll
0x00007ffd08c00000 - 0x00007ffd08c11000 	C:\WINDOWS\System32\kernel.appcore.dll
0x00007ffd09930000 - 0x00007ffd09947000 	C:\WINDOWS\System32\cryptsp.dll

VM Arguments:
jvm_args: -Djava.awt.headless=true -Xmx1024M -Dfile.encoding=GBK -Duser.country=CN -Duser.language=zh -Duser.variant 
java_command: com.android.dx.command.Main --dex --num-threads=4 --output C:\Users\DELL\Downloads\ImageUpload-master\ImageUploadClient\app\build\intermediates\pre-dexed\debug\glide-3.7.0_45744cb35b9f919d7abb861e94869f7bef54a346.jar C:\Users\DELL\.gradle\caches\modules-2\files-2.1\com.github.bumptech.glide\glide\3.7.0\9e9eeaf9948ee4d6c3ab354e8dc14368f16994a4\glide-3.7.0.jar
java_class_path (initial): C:\Users\DELL\AppData\Local\Android\Sdk\build-tools\23.0.2\lib\dx.jar
Launcher Type: SUN_STANDARD

Environment Variables:
CLASSPATH=D:\LINGO12\Lingo12.jar
PATH=C:\Program Files (x86)\Common Files\Oracle\Java\javapath;C:\Program Files\NVIDIA GPU Computing Toolkit\CUDA\v10.2\bin;C:\Program Files\NVIDIA GPU Computing Toolkit\CUDA\v10.2\libnvvp;C:\Program Files\Microsoft MPI\Bin\;C:\Program Files (x86)\Razer Chroma SDK\bin;C:\Program Files\Razer Chroma SDK\bin;C:\Windows\system32;C:\Windows;C:\Windows\System32\Wbem;C:\Windows\System32\WindowsPowerShell\v1.0\;C:\Program Files (x86)\NVIDIA Corporation\PhysX\Common;C:\WINDOWS\system32;C:\WINDOWS;C:\WINDOWS\System32\Wbem;C:\WINDOWS\System32\WindowsPowerShell\v1.0\;C:\WINDOWS\System32\OpenSSH\;E:\matlab\bin;C:\WINDOWS\system32\config\systemprofile\AppData\Local\Microsoft\WindowsApps;C:\Program Files\NVIDIA Corporation\NVIDIA NvDLISR;C:\ProgramData\chocolatey\bin;C:\Program Files\Intel\WiFi\bin\;C:\Program Files\Common Files\Intel\WirelessCommon\;C:\Program Files (x86)\Intel\Intel(R) Management Engine Components\DAL;C:\Program Files\Intel\Intel(R) Management Engine Components\DAL;C:\Strawberry\c\bin;C:\Strawberry\perl\site\bin;C:\Strawberry\perl\bin;E:\SPSS\JRE\bin;D:\LINGO12\;C:\WINDOWS\system32;C:\WINDOWS;C:\WINDOWS\System32\Wbem;C:\WINDOWS\System32\WindowsPowerShell\v1.0\;C:\WINDOWS\System32\OpenSSH\;C:\Program Files\Microsoft SQL Server\Client SDK\ODBC\130\Tools\Binn\;C:\Program Files (x86)\Microsoft SQL Server\140\Tools\Binn\;C:\Program Files\Microsoft SQL Server\140\Tools\Binn\;C:\Program Files\Microsoft SQL Server\140\DTS\Binn\;C:\Program Files (x86)\Microsoft SQL Server\150\DTS\Binn\;E:\anaconda\Scripts;C:\Program Files\NVIDIA Corporation\Nsight Compute 2019.5.0\;E:\anaconda;E:\curl\curl-7.61.1-win64-mingw\bin;C:\Program Files\MySQL\MySQL Utilities 1.6\;C:\Users\DELL\AppData\Local\Microsoft\WindowsApps;E:\pycharm\PyCharm Community Edition 2019.3.2\bin;;C:\ProgramData\chocolatey\lib\mingw\tools\install\mingw64\bin;C:\Users\DELL\AppData\Local\Programs\Microsoft VS Code\bin;E:\LaTeX\texlive\2019\bin\win32;E:\java\IntelliJ IDEA 2018.3.5\bin;
USERNAME=DELL
OS=Windows_NT
PROCESSOR_IDENTIFIER=Intel64 Family 6 Model 158 Stepping 10, GenuineIntel



---------------  S Y S T E M  ---------------

OS: Windows 10.0 , 64 bit Build 18362 (10.0.18362.959)

CPU:total 12 (initial active 12) (6 cores per cpu, 2 threads per core) family 6 model 158 stepping 10, cmov, cx8, fxsr, mmx, sse, sse2, sse3, ssse3, sse4.1, sse4.2, popcnt, avx, avx2, aes, clmul, erms, 3dnowpref, lzcnt, ht, tsc, tscinvbit, bmi1, bmi2, adx

Memory: 4k page, physical 8177948k(260700k free), swap 21844248k(5132k free)

vm_info: OpenJDK 64-Bit Server VM (25.242-b01) for windows-amd64 JRE (1.8.0_242-release-1644-b01), built by "builder" with MS VC++ 10.0 (VS2010)

time: Tue Jul 28 16:31:52 2020
timezone: 中国标准时间
elapsed time: 2 seconds (0d 0h 0m 2s)

